INFO: [VRFC 10-2263] Analyzing Verilog file "C:/Users/z004zyde/Desktop/dma/dma.sim/sim_1/synth/func/xsim/design_1_wrapper_func_synth.v" into library xil_defaultlib
INFO: [VRFC 10-311] analyzing module dbg_hub_CV
INFO: [VRFC 10-311] analyzing module design_1
INFO: [VRFC 10-311] analyzing module design_1_axi_bram_ctrl_0_0
INFO: [VRFC 10-311] analyzing module design_1_axi_bram_ctrl_0_0_axi_bram_ctrl
INFO: [VRFC 10-311] analyzing module design_1_axi_bram_ctrl_0_0_axi_bram_ctrl_top
INFO: [VRFC 10-311] analyzing module design_1_axi_bram_ctrl_0_0_full_axi
INFO: [VRFC 10-311] analyzing module design_1_axi_bram_ctrl_0_0_rd_chnl
INFO: [VRFC 10-311] analyzing module design_1_axi_bram_ctrl_0_0_sng_port_arb
INFO: [VRFC 10-311] analyzing module design_1_axi_bram_ctrl_0_0_wr_chnl
INFO: [VRFC 10-311] analyzing module design_1_axi_bram_ctrl_0_0_wrap_brst
INFO: [VRFC 10-311] analyzing module design_1_axi_bram_ctrl_0_0_wrap_brst_0
INFO: [VRFC 10-311] analyzing module design_1_axi_bram_ctrl_1_0
INFO: [VRFC 10-311] analyzing module design_1_axi_bram_ctrl_1_0_axi_bram_ctrl
INFO: [VRFC 10-311] analyzing module design_1_axi_bram_ctrl_1_0_axi_bram_ctrl_top
INFO: [VRFC 10-311] analyzing module design_1_axi_bram_ctrl_1_0_full_axi
INFO: [VRFC 10-311] analyzing module design_1_axi_bram_ctrl_1_0_rd_chnl
INFO: [VRFC 10-311] analyzing module design_1_axi_bram_ctrl_1_0_sng_port_arb
INFO: [VRFC 10-311] analyzing module design_1_axi_bram_ctrl_1_0_wr_chnl
INFO: [VRFC 10-311] analyzing module design_1_axi_bram_ctrl_1_0_wrap_brst
INFO: [VRFC 10-311] analyzing module design_1_axi_bram_ctrl_1_0_wrap_brst_0
INFO: [VRFC 10-311] analyzing module design_1_axi_smc_0
INFO: [VRFC 10-311] analyzing module design_1_axi_smc_0_bd_afc3
INFO: [VRFC 10-311] analyzing module design_1_axi_smc_0_bd_afc3_arsw_0
INFO: [VRFC 10-311] analyzing module design_1_axi_smc_0_bd_afc3_awsw_0
INFO: [VRFC 10-311] analyzing module design_1_axi_smc_0_bd_afc3_bsw_0
INFO: [VRFC 10-311] analyzing module design_1_axi_smc_0_bd_afc3_m00arn_0
INFO: [VRFC 10-311] analyzing module design_1_axi_smc_0_bd_afc3_m00awn_0
INFO: [VRFC 10-311] analyzing module design_1_axi_smc_0_bd_afc3_m00bn_0
INFO: [VRFC 10-311] analyzing module design_1_axi_smc_0_bd_afc3_m00e_0
INFO: [VRFC 10-311] analyzing module design_1_axi_smc_0_bd_afc3_m00rn_0
INFO: [VRFC 10-311] analyzing module design_1_axi_smc_0_bd_afc3_m00s2a_0
INFO: [VRFC 10-311] analyzing module design_1_axi_smc_0_bd_afc3_m00wn_0
INFO: [VRFC 10-311] analyzing module design_1_axi_smc_0_bd_afc3_m01arn_0
INFO: [VRFC 10-311] analyzing module design_1_axi_smc_0_bd_afc3_m01awn_0
INFO: [VRFC 10-311] analyzing module design_1_axi_smc_0_bd_afc3_m01bn_0
INFO: [VRFC 10-311] analyzing module design_1_axi_smc_0_bd_afc3_m01e_0
INFO: [VRFC 10-311] analyzing module design_1_axi_smc_0_bd_afc3_m01rn_0
INFO: [VRFC 10-311] analyzing module design_1_axi_smc_0_bd_afc3_m01s2a_0
INFO: [VRFC 10-311] analyzing module design_1_axi_smc_0_bd_afc3_m01wn_0
INFO: [VRFC 10-311] analyzing module design_1_axi_smc_0_bd_afc3_psr_aclk_0
INFO: [VRFC 10-311] analyzing module design_1_axi_smc_0_bd_afc3_rsw_0
INFO: [VRFC 10-311] analyzing module design_1_axi_smc_0_bd_afc3_s00a2s_0
INFO: [VRFC 10-311] analyzing module design_1_axi_smc_0_bd_afc3_s00mmu_0
INFO: [VRFC 10-311] analyzing module design_1_axi_smc_0_bd_afc3_s00sic_0
INFO: [VRFC 10-311] analyzing module design_1_axi_smc_0_bd_afc3_s00tr_0
INFO: [VRFC 10-311] analyzing module design_1_axi_smc_0_bd_afc3_sarn_0
INFO: [VRFC 10-311] analyzing module design_1_axi_smc_0_bd_afc3_sawn_0
INFO: [VRFC 10-311] analyzing module design_1_axi_smc_0_bd_afc3_sbn_0
INFO: [VRFC 10-311] analyzing module design_1_axi_smc_0_bd_afc3_srn_0
INFO: [VRFC 10-311] analyzing module design_1_axi_smc_0_bd_afc3_swn_0
INFO: [VRFC 10-311] analyzing module design_1_axi_smc_0_bd_afc3_wsw_0
INFO: [VRFC 10-311] analyzing module design_1_axi_smc_0_cdc_sync
INFO: [VRFC 10-311] analyzing module design_1_axi_smc_0_clk_map_imp_5Y9LOC
INFO: [VRFC 10-311] analyzing module design_1_axi_smc_0_lpf
INFO: [VRFC 10-311] analyzing module design_1_axi_smc_0_m00_exit_pipeline_imp_1TZX5BB
INFO: [VRFC 10-311] analyzing module design_1_axi_smc_0_m00_nodes_imp_1GOYQYZ
INFO: [VRFC 10-311] analyzing module design_1_axi_smc_0_m01_exit_pipeline_imp_1XMPFJB
INFO: [VRFC 10-311] analyzing module design_1_axi_smc_0_m01_nodes_imp_94N5OD
INFO: [VRFC 10-311] analyzing module design_1_axi_smc_0_proc_sys_reset
INFO: [VRFC 10-311] analyzing module design_1_axi_smc_0_s00_entry_pipeline_imp_USCCV8
INFO: [VRFC 10-311] analyzing module design_1_axi_smc_0_s00_nodes_imp_Y7M43I
INFO: [VRFC 10-311] analyzing module design_1_axi_smc_0_sequence_psr
INFO: [VRFC 10-311] analyzing module design_1_axi_smc_0_switchboards_imp_4N4PBE
INFO: [VRFC 10-311] analyzing module design_1_axi_smc_0_upcnt_n
INFO: [VRFC 10-311] analyzing module design_1_axi_smc_0_xpm_cdc_async_rst
INFO: [VRFC 10-311] analyzing module design_1_axi_smc_0_xpm_cdc_async_rst__10
INFO: [VRFC 10-311] analyzing module design_1_axi_smc_0_xpm_cdc_async_rst__11
INFO: [VRFC 10-311] analyzing module design_1_axi_smc_0_xpm_cdc_async_rst__12
INFO: [VRFC 10-311] analyzing module design_1_axi_smc_0_xpm_cdc_async_rst__13
INFO: [VRFC 10-311] analyzing module design_1_axi_smc_0_xpm_cdc_async_rst__14
INFO: [VRFC 10-311] analyzing module design_1_axi_smc_0_xpm_cdc_async_rst__15
INFO: [VRFC 10-311] analyzing module design_1_axi_smc_0_xpm_cdc_async_rst__16
INFO: [VRFC 10-311] analyzing module design_1_axi_smc_0_xpm_cdc_async_rst__17
INFO: [VRFC 10-311] analyzing module design_1_axi_smc_0_xpm_cdc_async_rst__18
INFO: [VRFC 10-311] analyzing module design_1_axi_smc_0_xpm_cdc_async_rst__19
INFO: [VRFC 10-311] analyzing module design_1_axi_smc_0_xpm_cdc_async_rst__20
INFO: [VRFC 10-311] analyzing module design_1_axi_smc_0_xpm_cdc_async_rst__21
INFO: [VRFC 10-311] analyzing module design_1_axi_smc_0_xpm_cdc_async_rst__22
INFO: [VRFC 10-311] analyzing module design_1_axi_smc_0_xpm_cdc_async_rst__23
INFO: [VRFC 10-311] analyzing module design_1_axi_smc_0_xpm_cdc_async_rst__24
INFO: [VRFC 10-311] analyzing module design_1_axi_smc_0_xpm_cdc_async_rst__25
INFO: [VRFC 10-311] analyzing module design_1_axi_smc_0_xpm_cdc_async_rst__26
INFO: [VRFC 10-311] analyzing module design_1_axi_smc_0_xpm_cdc_async_rst__27
INFO: [VRFC 10-311] analyzing module design_1_axi_smc_0_xpm_cdc_async_rst__28
INFO: [VRFC 10-311] analyzing module design_1_axi_smc_0_xpm_cdc_async_rst__29
INFO: [VRFC 10-311] analyzing module design_1_axi_smc_0_xpm_cdc_async_rst__30
INFO: [VRFC 10-311] analyzing module design_1_axi_smc_0_xpm_cdc_async_rst__31
INFO: [VRFC 10-311] analyzing module design_1_axi_smc_0_xpm_cdc_async_rst__32
INFO: [VRFC 10-311] analyzing module design_1_axi_smc_0_xpm_cdc_async_rst__33
INFO: [VRFC 10-311] analyzing module design_1_axi_smc_0_xpm_cdc_async_rst__34
INFO: [VRFC 10-311] analyzing module design_1_axi_smc_0_xpm_cdc_async_rst__35
INFO: [VRFC 10-311] analyzing module design_1_axi_smc_0_xpm_cdc_async_rst__36
INFO: [VRFC 10-311] analyzing module design_1_axi_smc_0_xpm_cdc_async_rst__37
INFO: [VRFC 10-311] analyzing module design_1_axi_smc_0_xpm_cdc_async_rst__38
INFO: [VRFC 10-311] analyzing module design_1_axi_smc_0_xpm_cdc_async_rst__39
INFO: [VRFC 10-311] analyzing module design_1_axi_smc_0_xpm_cdc_async_rst__40
INFO: [VRFC 10-311] analyzing module design_1_axi_smc_0_xpm_cdc_async_rst__7
INFO: [VRFC 10-311] analyzing module design_1_axi_smc_0_xpm_cdc_async_rst__8
INFO: [VRFC 10-311] analyzing module design_1_axi_smc_0_xpm_cdc_async_rst__9
INFO: [VRFC 10-311] analyzing module design_1_axi_smc_0_xpm_memory_base__parameterized0
INFO: [VRFC 10-311] analyzing module design_1_axi_smc_0_xpm_memory_base__parameterized0__4
INFO: [VRFC 10-311] analyzing module design_1_axi_smc_0_xpm_memory_base__parameterized0__5
INFO: [VRFC 10-311] analyzing module design_1_axi_smc_0_xpm_memory_base__parameterized0__6
INFO: [VRFC 10-311] analyzing module design_1_axi_smc_0_xpm_memory_base__parameterized2
INFO: [VRFC 10-311] analyzing module design_1_axi_smc_0_xpm_memory_base__parameterized2__2
INFO: [VRFC 10-311] analyzing module design_1_axi_smc_0_xpm_memory_base__parameterized3
INFO: [VRFC 10-311] analyzing module design_1_axi_smc_0_xpm_memory_base__parameterized3__2
INFO: [VRFC 10-311] analyzing module design_1_axi_smc_0_xpm_memory_base__parameterized4
INFO: [VRFC 10-311] analyzing module design_1_axi_smc_0_xpm_memory_base__parameterized4__2
INFO: [VRFC 10-311] analyzing module design_1_axi_smc_0_xpm_memory_base__parameterized5
INFO: [VRFC 10-311] analyzing module design_1_axi_smc_0_xpm_memory_base__parameterized5__3
INFO: [VRFC 10-311] analyzing module design_1_axi_smc_0_xpm_memory_base__parameterized5__4
INFO: [VRFC 10-311] analyzing module design_1_axi_smc_0_xpm_memory_base__parameterized6
INFO: [VRFC 10-311] analyzing module design_1_axi_smc_0_xpm_memory_base__parameterized6__2
INFO: [VRFC 10-311] analyzing module design_1_axi_smc_0_xpm_memory_base__parameterized7
INFO: [VRFC 10-311] analyzing module design_1_axi_smc_0_xpm_memory_base__parameterized8
INFO: [VRFC 10-311] analyzing module design_1_axi_smc_0_xpm_memory_base__parameterized9
INFO: [VRFC 10-311] analyzing module design_1_axi_smc_0_xpm_memory_sdpram__parameterized0
INFO: [VRFC 10-311] analyzing module design_1_axi_smc_0_xpm_memory_sdpram__parameterized0__4
INFO: [VRFC 10-311] analyzing module design_1_axi_smc_0_xpm_memory_sdpram__parameterized0__5
INFO: [VRFC 10-311] analyzing module design_1_axi_smc_0_xpm_memory_sdpram__parameterized0__6
INFO: [VRFC 10-311] analyzing module design_1_axi_smc_0_xpm_memory_sdpram__parameterized2
INFO: [VRFC 10-311] analyzing module design_1_axi_smc_0_xpm_memory_sdpram__parameterized2__2
INFO: [VRFC 10-311] analyzing module design_1_axi_smc_0_xpm_memory_sdpram__parameterized3
INFO: [VRFC 10-311] analyzing module design_1_axi_smc_0_xpm_memory_sdpram__parameterized3__2
INFO: [VRFC 10-311] analyzing module design_1_axi_smc_0_xpm_memory_sdpram__parameterized4
INFO: [VRFC 10-311] analyzing module design_1_axi_smc_0_xpm_memory_sdpram__parameterized4__2
INFO: [VRFC 10-311] analyzing module design_1_axi_smc_0_xpm_memory_sdpram__parameterized5
INFO: [VRFC 10-311] analyzing module design_1_axi_smc_0_xpm_memory_sdpram__parameterized5__3
INFO: [VRFC 10-311] analyzing module design_1_axi_smc_0_xpm_memory_sdpram__parameterized5__4
INFO: [VRFC 10-311] analyzing module design_1_axi_smc_0_xpm_memory_sdpram__parameterized6
INFO: [VRFC 10-311] analyzing module design_1_axi_smc_0_xpm_memory_sdpram__parameterized6__2
INFO: [VRFC 10-311] analyzing module design_1_axi_smc_0_xpm_memory_sdpram__parameterized7
INFO: [VRFC 10-311] analyzing module design_1_axi_smc_0_xpm_memory_sdpram__parameterized8
INFO: [VRFC 10-311] analyzing module design_1_axi_smc_0_xpm_memory_sdpram__parameterized9
INFO: [VRFC 10-311] analyzing module design_1_blk_mem_gen_0_0
INFO: [VRFC 10-311] analyzing module design_1_dma_controller_0_0
INFO: [VRFC 10-311] analyzing module design_1_jtag_axi_0_0
INFO: [VRFC 10-311] analyzing module design_1_jtag_axi_0_0_xpm_cdc_gray
INFO: [VRFC 10-311] analyzing module design_1_jtag_axi_0_0_xpm_cdc_gray__4
INFO: [VRFC 10-311] analyzing module design_1_jtag_axi_0_0_xpm_cdc_gray__5
INFO: [VRFC 10-311] analyzing module design_1_jtag_axi_0_0_xpm_cdc_gray__6
INFO: [VRFC 10-311] analyzing module design_1_jtag_axi_0_0_xpm_cdc_gray__parameterized2
INFO: [VRFC 10-311] analyzing module design_1_jtag_axi_0_0_xpm_cdc_gray__parameterized2__4
INFO: [VRFC 10-311] analyzing module design_1_jtag_axi_0_0_xpm_cdc_gray__parameterized2__5
INFO: [VRFC 10-311] analyzing module design_1_jtag_axi_0_0_xpm_cdc_gray__parameterized2__6
INFO: [VRFC 10-311] analyzing module design_1_rst_sys_clock_100M_0
INFO: [VRFC 10-311] analyzing module design_1_rst_sys_clock_100M_0_cdc_sync
INFO: [VRFC 10-311] analyzing module design_1_rst_sys_clock_100M_0_cdc_sync_0
INFO: [VRFC 10-311] analyzing module design_1_rst_sys_clock_100M_0_lpf
INFO: [VRFC 10-311] analyzing module design_1_rst_sys_clock_100M_0_proc_sys_reset
INFO: [VRFC 10-311] analyzing module design_1_rst_sys_clock_100M_0_sequence_psr
INFO: [VRFC 10-311] analyzing module design_1_rst_sys_clock_100M_0_upcnt_n
INFO: [VRFC 10-311] analyzing module design_1_system_ila_0_0
INFO: [VRFC 10-311] analyzing module design_1_system_ila_0_0_bd_f60c
INFO: [VRFC 10-311] analyzing module design_1_system_ila_0_0_bd_f60c_g_inst_0
INFO: [VRFC 10-311] analyzing module design_1_system_ila_0_0_bd_f60c_g_inst_0_gigantic_mux
INFO: [VRFC 10-311] analyzing module design_1_system_ila_0_0_bd_f60c_ila_lib_0
INFO: [VRFC 10-311] analyzing module design_1_system_ila_0_0_bd_f60c_slot_0_ar_0
INFO: [VRFC 10-311] analyzing module design_1_system_ila_0_0_bd_f60c_slot_0_aw_0
INFO: [VRFC 10-311] analyzing module design_1_system_ila_0_0_bd_f60c_slot_0_b_0
INFO: [VRFC 10-311] analyzing module design_1_system_ila_0_0_bd_f60c_slot_0_r_0
INFO: [VRFC 10-311] analyzing module design_1_system_ila_0_0_bd_f60c_slot_0_w_0
INFO: [VRFC 10-311] analyzing module design_1_vio_0_0
INFO: [VRFC 10-311] analyzing module design_1_wrapper
INFO: [VRFC 10-311] analyzing module design_1_axi_smc_0_sc_axi2sc_v1_0_9_top
INFO: [VRFC 10-311] analyzing module design_1_axi_smc_0_sc_exit_v1_0_14_exit
INFO: [VRFC 10-311] analyzing module design_1_axi_smc_0_sc_exit_v1_0_14_exit_283
INFO: [VRFC 10-311] analyzing module design_1_axi_smc_0_sc_exit_v1_0_14_top
INFO: [VRFC 10-311] analyzing module design_1_axi_smc_0_sc_exit_v1_0_14_top__xdcDup__1
INFO: [VRFC 10-311] analyzing module design_1_axi_smc_0_sc_mmu_v1_0_12_decerr_slave
INFO: [VRFC 10-311] analyzing module design_1_axi_smc_0_sc_mmu_v1_0_12_top
INFO: [VRFC 10-311] analyzing module design_1_axi_smc_0_sc_node_v1_0_15_arb_alg_rr
INFO: [VRFC 10-311] analyzing module design_1_axi_smc_0_sc_node_v1_0_15_arb_alg_rr_12
INFO: [VRFC 10-311] analyzing module design_1_axi_smc_0_sc_node_v1_0_15_fifo
INFO: [VRFC 10-311] analyzing module design_1_axi_smc_0_sc_node_v1_0_15_fifo__parameterized0
INFO: [VRFC 10-311] analyzing module design_1_axi_smc_0_sc_node_v1_0_15_fifo__parameterized0__xdcDup__1
INFO: [VRFC 10-311] analyzing module design_1_axi_smc_0_sc_node_v1_0_15_fifo__parameterized0__xdcDup__2
INFO: [VRFC 10-311] analyzing module design_1_axi_smc_0_sc_node_v1_0_15_fifo__parameterized0__xdcDup__3
INFO: [VRFC 10-311] analyzing module design_1_axi_smc_0_sc_node_v1_0_15_fifo__parameterized1
INFO: [VRFC 10-311] analyzing module design_1_axi_smc_0_sc_node_v1_0_15_fifo__parameterized1__xdcDup__1
INFO: [VRFC 10-311] analyzing module design_1_axi_smc_0_sc_node_v1_0_15_fifo__parameterized1__xdcDup__2
INFO: [VRFC 10-311] analyzing module design_1_axi_smc_0_sc_node_v1_0_15_fifo__parameterized1__xdcDup__3
INFO: [VRFC 10-311] analyzing module design_1_axi_smc_0_sc_node_v1_0_15_fifo__parameterized2
INFO: [VRFC 10-311] analyzing module design_1_axi_smc_0_sc_node_v1_0_15_fifo__parameterized2__xdcDup__1
INFO: [VRFC 10-311] analyzing module design_1_axi_smc_0_sc_node_v1_0_15_fifo__parameterized3
INFO: [VRFC 10-311] analyzing module design_1_axi_smc_0_sc_node_v1_0_15_fifo__parameterized3__xdcDup__1
INFO: [VRFC 10-311] analyzing module design_1_axi_smc_0_sc_node_v1_0_15_fifo__parameterized4
INFO: [VRFC 10-311] analyzing module design_1_axi_smc_0_sc_node_v1_0_15_fifo__parameterized4__xdcDup__1
INFO: [VRFC 10-311] analyzing module design_1_axi_smc_0_sc_node_v1_0_15_fifo__parameterized5
INFO: [VRFC 10-311] analyzing module design_1_axi_smc_0_sc_node_v1_0_15_fifo__parameterized5__xdcDup__1
INFO: [VRFC 10-311] analyzing module design_1_axi_smc_0_sc_node_v1_0_15_fifo__parameterized5__xdcDup__2
INFO: [VRFC 10-311] analyzing module design_1_axi_smc_0_sc_node_v1_0_15_fifo__parameterized6
INFO: [VRFC 10-311] analyzing module design_1_axi_smc_0_sc_node_v1_0_15_fifo__parameterized6__xdcDup__1
INFO: [VRFC 10-311] analyzing module design_1_axi_smc_0_sc_node_v1_0_15_fifo__parameterized7
INFO: [VRFC 10-311] analyzing module design_1_axi_smc_0_sc_node_v1_0_15_fifo__parameterized8
INFO: [VRFC 10-311] analyzing module design_1_axi_smc_0_sc_node_v1_0_15_fifo__parameterized9
INFO: [VRFC 10-311] analyzing module design_1_axi_smc_0_sc_node_v1_0_15_fifo__xdcDup__1
INFO: [VRFC 10-311] analyzing module design_1_axi_smc_0_sc_node_v1_0_15_fifo__xdcDup__2
INFO: [VRFC 10-311] analyzing module design_1_axi_smc_0_sc_node_v1_0_15_fifo__xdcDup__3
INFO: [VRFC 10-311] analyzing module design_1_axi_smc_0_sc_node_v1_0_15_fifo__xdcDup__4
INFO: [VRFC 10-311] analyzing module design_1_axi_smc_0_sc_node_v1_0_15_fifo__xdcDup__5
INFO: [VRFC 10-311] analyzing module design_1_axi_smc_0_sc_node_v1_0_15_fifo__xdcDup__6
INFO: [VRFC 10-311] analyzing module design_1_axi_smc_0_sc_node_v1_0_15_fifo__xdcDup__7
INFO: [VRFC 10-311] analyzing module design_1_axi_smc_0_sc_node_v1_0_15_ingress
INFO: [VRFC 10-311] analyzing module design_1_axi_smc_0_sc_node_v1_0_15_ingress_272
INFO: [VRFC 10-311] analyzing module design_1_axi_smc_0_sc_node_v1_0_15_ingress__parameterized0
INFO: [VRFC 10-311] analyzing module design_1_axi_smc_0_sc_node_v1_0_15_ingress__parameterized0_263
INFO: [VRFC 10-311] analyzing module design_1_axi_smc_0_sc_node_v1_0_15_ingress__parameterized3
INFO: [VRFC 10-311] analyzing module design_1_axi_smc_0_sc_node_v1_0_15_ingress__parameterized3_238
INFO: [VRFC 10-311] analyzing module design_1_axi_smc_0_sc_node_v1_0_15_ingress__parameterized6
INFO: [VRFC 10-311] analyzing module design_1_axi_smc_0_sc_node_v1_0_15_ingress__parameterized7
INFO: [VRFC 10-311] analyzing module design_1_axi_smc_0_sc_node_v1_0_15_mi_handler
INFO: [VRFC 10-311] analyzing module design_1_axi_smc_0_sc_node_v1_0_15_mi_handler__parameterized0
INFO: [VRFC 10-311] analyzing module design_1_axi_smc_0_sc_node_v1_0_15_mi_handler__parameterized0__xdcDup__1
INFO: [VRFC 10-311] analyzing module design_1_axi_smc_0_sc_node_v1_0_15_mi_handler__parameterized1
INFO: [VRFC 10-311] analyzing module design_1_axi_smc_0_sc_node_v1_0_15_mi_handler__parameterized1__xdcDup__1
INFO: [VRFC 10-311] analyzing module design_1_axi_smc_0_sc_node_v1_0_15_mi_handler__parameterized2
INFO: [VRFC 10-311] analyzing module design_1_axi_smc_0_sc_node_v1_0_15_mi_handler__parameterized2__xdcDup__1
INFO: [VRFC 10-311] analyzing module design_1_axi_smc_0_sc_node_v1_0_15_mi_handler__parameterized3
INFO: [VRFC 10-311] analyzing module design_1_axi_smc_0_sc_node_v1_0_15_mi_handler__parameterized3__xdcDup__1
INFO: [VRFC 10-311] analyzing module design_1_axi_smc_0_sc_node_v1_0_15_mi_handler__parameterized4
INFO: [VRFC 10-311] analyzing module design_1_axi_smc_0_sc_node_v1_0_15_mi_handler__parameterized5
INFO: [VRFC 10-311] analyzing module design_1_axi_smc_0_sc_node_v1_0_15_mi_handler__parameterized6
INFO: [VRFC 10-311] analyzing module design_1_axi_smc_0_sc_node_v1_0_15_mi_handler__parameterized7
INFO: [VRFC 10-311] analyzing module design_1_axi_smc_0_sc_node_v1_0_15_mi_handler__parameterized8
INFO: [VRFC 10-311] analyzing module design_1_axi_smc_0_sc_node_v1_0_15_mi_handler__xdcDup__1
INFO: [VRFC 10-311] analyzing module design_1_axi_smc_0_sc_node_v1_0_15_reg_slice3__parameterized0
INFO: [VRFC 10-311] analyzing module design_1_axi_smc_0_sc_node_v1_0_15_reg_slice3__parameterized0_204
INFO: [VRFC 10-311] analyzing module design_1_axi_smc_0_sc_node_v1_0_15_reg_slice3__parameterized0_247
INFO: [VRFC 10-311] analyzing module design_1_axi_smc_0_sc_node_v1_0_15_reg_slice3__parameterized0_255
INFO: [VRFC 10-311] analyzing module design_1_axi_smc_0_sc_node_v1_0_15_reg_slice3__parameterized1
INFO: [VRFC 10-311] analyzing module design_1_axi_smc_0_sc_node_v1_0_15_reg_slice3__parameterized1_22
INFO: [VRFC 10-311] analyzing module design_1_axi_smc_0_sc_node_v1_0_15_reg_slice3__parameterized1_29
INFO: [VRFC 10-311] analyzing module design_1_axi_smc_0_sc_node_v1_0_15_si_handler
INFO: [VRFC 10-311] analyzing module design_1_axi_smc_0_sc_node_v1_0_15_si_handler_219
INFO: [VRFC 10-311] analyzing module design_1_axi_smc_0_sc_node_v1_0_15_si_handler_271
INFO: [VRFC 10-311] analyzing module design_1_axi_smc_0_sc_node_v1_0_15_si_handler__parameterized0
INFO: [VRFC 10-311] analyzing module design_1_axi_smc_0_sc_node_v1_0_15_si_handler__parameterized0_211
INFO: [VRFC 10-311] analyzing module design_1_axi_smc_0_sc_node_v1_0_15_si_handler__parameterized0_262
INFO: [VRFC 10-311] analyzing module design_1_axi_smc_0_sc_node_v1_0_15_si_handler__parameterized1
INFO: [VRFC 10-311] analyzing module design_1_axi_smc_0_sc_node_v1_0_15_si_handler__parameterized1_254
INFO: [VRFC 10-311] analyzing module design_1_axi_smc_0_sc_node_v1_0_15_si_handler__parameterized2
INFO: [VRFC 10-311] analyzing module design_1_axi_smc_0_sc_node_v1_0_15_si_handler__parameterized2_246
INFO: [VRFC 10-311] analyzing module design_1_axi_smc_0_sc_node_v1_0_15_si_handler__parameterized3
INFO: [VRFC 10-311] analyzing module design_1_axi_smc_0_sc_node_v1_0_15_si_handler__parameterized3_190
INFO: [VRFC 10-311] analyzing module design_1_axi_smc_0_sc_node_v1_0_15_si_handler__parameterized3_237
INFO: [VRFC 10-311] analyzing module design_1_axi_smc_0_sc_node_v1_0_15_si_handler__parameterized4
INFO: [VRFC 10-311] analyzing module design_1_axi_smc_0_sc_node_v1_0_15_si_handler__parameterized5
INFO: [VRFC 10-311] analyzing module design_1_axi_smc_0_sc_node_v1_0_15_top
INFO: [VRFC 10-311] analyzing module design_1_axi_smc_0_sc_node_v1_0_15_top__parameterized0
INFO: [VRFC 10-311] analyzing module design_1_axi_smc_0_sc_node_v1_0_15_top__parameterized0__xdcDup__1
INFO: [VRFC 10-311] analyzing module design_1_axi_smc_0_sc_node_v1_0_15_top__parameterized1
INFO: [VRFC 10-311] analyzing module design_1_axi_smc_0_sc_node_v1_0_15_top__parameterized1__xdcDup__1
INFO: [VRFC 10-311] analyzing module design_1_axi_smc_0_sc_node_v1_0_15_top__parameterized2
INFO: [VRFC 10-311] analyzing module design_1_axi_smc_0_sc_node_v1_0_15_top__parameterized2__xdcDup__1
INFO: [VRFC 10-311] analyzing module design_1_axi_smc_0_sc_node_v1_0_15_top__parameterized3
INFO: [VRFC 10-311] analyzing module design_1_axi_smc_0_sc_node_v1_0_15_top__parameterized3__xdcDup__1
INFO: [VRFC 10-311] analyzing module design_1_axi_smc_0_sc_node_v1_0_15_top__parameterized4
INFO: [VRFC 10-311] analyzing module design_1_axi_smc_0_sc_node_v1_0_15_top__parameterized5
INFO: [VRFC 10-311] analyzing module design_1_axi_smc_0_sc_node_v1_0_15_top__parameterized6
INFO: [VRFC 10-311] analyzing module design_1_axi_smc_0_sc_node_v1_0_15_top__parameterized7
INFO: [VRFC 10-311] analyzing module design_1_axi_smc_0_sc_node_v1_0_15_top__parameterized8
INFO: [VRFC 10-311] analyzing module design_1_axi_smc_0_sc_node_v1_0_15_top__xdcDup__1
INFO: [VRFC 10-311] analyzing module design_1_axi_smc_0_sc_sc2axi_v1_0_9_top
INFO: [VRFC 10-311] analyzing module design_1_axi_smc_0_sc_sc2axi_v1_0_9_top__1
INFO: [VRFC 10-311] analyzing module design_1_axi_smc_0_sc_si_converter_v1_0_12_offset_fifo
INFO: [VRFC 10-311] analyzing module design_1_axi_smc_0_sc_si_converter_v1_0_12_offset_fifo__parameterized0
INFO: [VRFC 10-311] analyzing module design_1_axi_smc_0_sc_si_converter_v1_0_12_splitter
INFO: [VRFC 10-311] analyzing module design_1_axi_smc_0_sc_si_converter_v1_0_12_top
INFO: [VRFC 10-311] analyzing module design_1_axi_smc_0_sc_si_converter_v1_0_12_wrap_narrow
INFO: [VRFC 10-311] analyzing module design_1_axi_smc_0_sc_switchboard_v1_0_7_top
INFO: [VRFC 10-311] analyzing module design_1_axi_smc_0_sc_switchboard_v1_0_7_top__1
INFO: [VRFC 10-311] analyzing module design_1_axi_smc_0_sc_switchboard_v1_0_7_top__parameterized0
INFO: [VRFC 10-311] analyzing module design_1_axi_smc_0_sc_switchboard_v1_0_7_top__parameterized1
INFO: [VRFC 10-311] analyzing module design_1_axi_smc_0_sc_switchboard_v1_0_7_top__parameterized2
INFO: [VRFC 10-311] analyzing module design_1_axi_smc_0_sc_transaction_regulator_v1_0_10_singleorder
INFO: [VRFC 10-311] analyzing module design_1_axi_smc_0_sc_transaction_regulator_v1_0_10_singleorder_36
INFO: [VRFC 10-311] analyzing module design_1_axi_smc_0_sc_transaction_regulator_v1_0_10_top
INFO: [VRFC 10-311] analyzing module design_1_axi_smc_0_sc_util_v1_0_4_axi_reg_stall
INFO: [VRFC 10-311] analyzing module design_1_axi_smc_0_sc_util_v1_0_4_axi_reg_stall_181
INFO: [VRFC 10-311] analyzing module design_1_axi_smc_0_sc_util_v1_0_4_axi_reg_stall_182
INFO: [VRFC 10-311] analyzing module design_1_axi_smc_0_sc_util_v1_0_4_axi_reg_stall_183
INFO: [VRFC 10-311] analyzing module design_1_axi_smc_0_sc_util_v1_0_4_axi_reg_stall_184
INFO: [VRFC 10-311] analyzing module design_1_axi_smc_0_sc_util_v1_0_4_axi_reg_stall_185
INFO: [VRFC 10-311] analyzing module design_1_axi_smc_0_sc_util_v1_0_4_axi_reg_stall_186
INFO: [VRFC 10-311] analyzing module design_1_axi_smc_0_sc_util_v1_0_4_axi_reg_stall_187
INFO: [VRFC 10-311] analyzing module design_1_axi_smc_0_sc_util_v1_0_4_axi_reg_stall_227
INFO: [VRFC 10-311] analyzing module design_1_axi_smc_0_sc_util_v1_0_4_axi_reg_stall_228
INFO: [VRFC 10-311] analyzing module design_1_axi_smc_0_sc_util_v1_0_4_axi_reg_stall_229
INFO: [VRFC 10-311] analyzing module design_1_axi_smc_0_sc_util_v1_0_4_axi_reg_stall_230
INFO: [VRFC 10-311] analyzing module design_1_axi_smc_0_sc_util_v1_0_4_axi_reg_stall_231
INFO: [VRFC 10-311] analyzing module design_1_axi_smc_0_sc_util_v1_0_4_axi_reg_stall_280
INFO: [VRFC 10-311] analyzing module design_1_axi_smc_0_sc_util_v1_0_4_axi_reg_stall_281
INFO: [VRFC 10-311] analyzing module design_1_axi_smc_0_sc_util_v1_0_4_axi_reg_stall_282
INFO: [VRFC 10-311] analyzing module design_1_axi_smc_0_sc_util_v1_0_4_axi_reg_stall_284
INFO: [VRFC 10-311] analyzing module design_1_axi_smc_0_sc_util_v1_0_4_axi_reg_stall_285
INFO: [VRFC 10-311] analyzing module design_1_axi_smc_0_sc_util_v1_0_4_axi_reg_stall_37
INFO: [VRFC 10-311] analyzing module design_1_axi_smc_0_sc_util_v1_0_4_axi_reg_stall_46
INFO: [VRFC 10-311] analyzing module design_1_axi_smc_0_sc_util_v1_0_4_axi_reg_stall_47
INFO: [VRFC 10-311] analyzing module design_1_axi_smc_0_sc_util_v1_0_4_axi_splitter
INFO: [VRFC 10-311] analyzing module design_1_axi_smc_0_sc_util_v1_0_4_axic_reg_srl_fifo
INFO: [VRFC 10-311] analyzing module design_1_axi_smc_0_sc_util_v1_0_4_axic_reg_srl_fifo_286
INFO: [VRFC 10-311] analyzing module design_1_axi_smc_0_sc_util_v1_0_4_axic_reg_srl_fifo__parameterized0
INFO: [VRFC 10-311] analyzing module design_1_axi_smc_0_sc_util_v1_0_4_axic_reg_srl_fifo__parameterized0_287
INFO: [VRFC 10-311] analyzing module design_1_axi_smc_0_sc_util_v1_0_4_axic_reg_srl_fifo__parameterized1
INFO: [VRFC 10-311] analyzing module design_1_axi_smc_0_sc_util_v1_0_4_axic_reg_srl_fifo__parameterized2
INFO: [VRFC 10-311] analyzing module design_1_axi_smc_0_sc_util_v1_0_4_axic_reg_srl_fifo__parameterized3
INFO: [VRFC 10-311] analyzing module design_1_axi_smc_0_sc_util_v1_0_4_axic_reg_srl_fifo__parameterized4
INFO: [VRFC 10-311] analyzing module design_1_axi_smc_0_sc_util_v1_0_4_axic_reg_srl_fifo__parameterized4_113
INFO: [VRFC 10-311] analyzing module design_1_axi_smc_0_sc_util_v1_0_4_axic_reg_srl_fifo__parameterized5
INFO: [VRFC 10-311] analyzing module design_1_axi_smc_0_sc_util_v1_0_4_axic_reg_srl_fifo__parameterized6
INFO: [VRFC 10-311] analyzing module design_1_axi_smc_0_sc_util_v1_0_4_axic_reg_srl_fifo__parameterized6_38
INFO: [VRFC 10-311] analyzing module design_1_axi_smc_0_sc_util_v1_0_4_counter
INFO: [VRFC 10-311] analyzing module design_1_axi_smc_0_sc_util_v1_0_4_counter_1
INFO: [VRFC 10-311] analyzing module design_1_axi_smc_0_sc_util_v1_0_4_counter_10
INFO: [VRFC 10-311] analyzing module design_1_axi_smc_0_sc_util_v1_0_4_counter_16
INFO: [VRFC 10-311] analyzing module design_1_axi_smc_0_sc_util_v1_0_4_counter_17
INFO: [VRFC 10-311] analyzing module design_1_axi_smc_0_sc_util_v1_0_4_counter_19
INFO: [VRFC 10-311] analyzing module design_1_axi_smc_0_sc_util_v1_0_4_counter_192
INFO: [VRFC 10-311] analyzing module design_1_axi_smc_0_sc_util_v1_0_4_counter_193
INFO: [VRFC 10-311] analyzing module design_1_axi_smc_0_sc_util_v1_0_4_counter_195
INFO: [VRFC 10-311] analyzing module design_1_axi_smc_0_sc_util_v1_0_4_counter_196
INFO: [VRFC 10-311] analyzing module design_1_axi_smc_0_sc_util_v1_0_4_counter_198
INFO: [VRFC 10-311] analyzing module design_1_axi_smc_0_sc_util_v1_0_4_counter_199
INFO: [VRFC 10-311] analyzing module design_1_axi_smc_0_sc_util_v1_0_4_counter_2
INFO: [VRFC 10-311] analyzing module design_1_axi_smc_0_sc_util_v1_0_4_counter_20
INFO: [VRFC 10-311] analyzing module design_1_axi_smc_0_sc_util_v1_0_4_counter_201
INFO: [VRFC 10-311] analyzing module design_1_axi_smc_0_sc_util_v1_0_4_counter_202
INFO: [VRFC 10-311] analyzing module design_1_axi_smc_0_sc_util_v1_0_4_counter_205
INFO: [VRFC 10-311] analyzing module design_1_axi_smc_0_sc_util_v1_0_4_counter_206
INFO: [VRFC 10-311] analyzing module design_1_axi_smc_0_sc_util_v1_0_4_counter_208
INFO: [VRFC 10-311] analyzing module design_1_axi_smc_0_sc_util_v1_0_4_counter_209
INFO: [VRFC 10-311] analyzing module design_1_axi_smc_0_sc_util_v1_0_4_counter_213
INFO: [VRFC 10-311] analyzing module design_1_axi_smc_0_sc_util_v1_0_4_counter_214
INFO: [VRFC 10-311] analyzing module design_1_axi_smc_0_sc_util_v1_0_4_counter_216
INFO: [VRFC 10-311] analyzing module design_1_axi_smc_0_sc_util_v1_0_4_counter_217
INFO: [VRFC 10-311] analyzing module design_1_axi_smc_0_sc_util_v1_0_4_counter_221
INFO: [VRFC 10-311] analyzing module design_1_axi_smc_0_sc_util_v1_0_4_counter_222
INFO: [VRFC 10-311] analyzing module design_1_axi_smc_0_sc_util_v1_0_4_counter_224
INFO: [VRFC 10-311] analyzing module design_1_axi_smc_0_sc_util_v1_0_4_counter_225
INFO: [VRFC 10-311] analyzing module design_1_axi_smc_0_sc_util_v1_0_4_counter_23
INFO: [VRFC 10-311] analyzing module design_1_axi_smc_0_sc_util_v1_0_4_counter_24
INFO: [VRFC 10-311] analyzing module design_1_axi_smc_0_sc_util_v1_0_4_counter_240
INFO: [VRFC 10-311] analyzing module design_1_axi_smc_0_sc_util_v1_0_4_counter_241
INFO: [VRFC 10-311] analyzing module design_1_axi_smc_0_sc_util_v1_0_4_counter_243
INFO: [VRFC 10-311] analyzing module design_1_axi_smc_0_sc_util_v1_0_4_counter_244
INFO: [VRFC 10-311] analyzing module design_1_axi_smc_0_sc_util_v1_0_4_counter_248
INFO: [VRFC 10-311] analyzing module design_1_axi_smc_0_sc_util_v1_0_4_counter_249
INFO: [VRFC 10-311] analyzing module design_1_axi_smc_0_sc_util_v1_0_4_counter_251
INFO: [VRFC 10-311] analyzing module design_1_axi_smc_0_sc_util_v1_0_4_counter_252
INFO: [VRFC 10-311] analyzing module design_1_axi_smc_0_sc_util_v1_0_4_counter_256
INFO: [VRFC 10-311] analyzing module design_1_axi_smc_0_sc_util_v1_0_4_counter_257
INFO: [VRFC 10-311] analyzing module design_1_axi_smc_0_sc_util_v1_0_4_counter_259
INFO: [VRFC 10-311] analyzing module design_1_axi_smc_0_sc_util_v1_0_4_counter_26
INFO: [VRFC 10-311] analyzing module design_1_axi_smc_0_sc_util_v1_0_4_counter_260
INFO: [VRFC 10-311] analyzing module design_1_axi_smc_0_sc_util_v1_0_4_counter_265
INFO: [VRFC 10-311] analyzing module design_1_axi_smc_0_sc_util_v1_0_4_counter_266
INFO: [VRFC 10-311] analyzing module design_1_axi_smc_0_sc_util_v1_0_4_counter_268
INFO: [VRFC 10-311] analyzing module design_1_axi_smc_0_sc_util_v1_0_4_counter_269
INFO: [VRFC 10-311] analyzing module design_1_axi_smc_0_sc_util_v1_0_4_counter_27
INFO: [VRFC 10-311] analyzing module design_1_axi_smc_0_sc_util_v1_0_4_counter_274
INFO: [VRFC 10-311] analyzing module design_1_axi_smc_0_sc_util_v1_0_4_counter_275
INFO: [VRFC 10-311] analyzing module design_1_axi_smc_0_sc_util_v1_0_4_counter_277
INFO: [VRFC 10-311] analyzing module design_1_axi_smc_0_sc_util_v1_0_4_counter_278
INFO: [VRFC 10-311] analyzing module design_1_axi_smc_0_sc_util_v1_0_4_counter_3
INFO: [VRFC 10-311] analyzing module design_1_axi_smc_0_sc_util_v1_0_4_counter_30
INFO: [VRFC 10-311] analyzing module design_1_axi_smc_0_sc_util_v1_0_4_counter_31
INFO: [VRFC 10-311] analyzing module design_1_axi_smc_0_sc_util_v1_0_4_counter_33
INFO: [VRFC 10-311] analyzing module design_1_axi_smc_0_sc_util_v1_0_4_counter_34
INFO: [VRFC 10-311] analyzing module design_1_axi_smc_0_sc_util_v1_0_4_counter_6
INFO: [VRFC 10-311] analyzing module design_1_axi_smc_0_sc_util_v1_0_4_counter_7
INFO: [VRFC 10-311] analyzing module design_1_axi_smc_0_sc_util_v1_0_4_counter_9
INFO: [VRFC 10-311] analyzing module design_1_axi_smc_0_sc_util_v1_0_4_counter__parameterized0
INFO: [VRFC 10-311] analyzing module design_1_axi_smc_0_sc_util_v1_0_4_counter__parameterized0_11
INFO: [VRFC 10-311] analyzing module design_1_axi_smc_0_sc_util_v1_0_4_counter__parameterized0_18
INFO: [VRFC 10-311] analyzing module design_1_axi_smc_0_sc_util_v1_0_4_counter__parameterized0_194
INFO: [VRFC 10-311] analyzing module design_1_axi_smc_0_sc_util_v1_0_4_counter__parameterized0_197
INFO: [VRFC 10-311] analyzing module design_1_axi_smc_0_sc_util_v1_0_4_counter__parameterized0_200
INFO: [VRFC 10-311] analyzing module design_1_axi_smc_0_sc_util_v1_0_4_counter__parameterized0_203
INFO: [VRFC 10-311] analyzing module design_1_axi_smc_0_sc_util_v1_0_4_counter__parameterized0_207
INFO: [VRFC 10-311] analyzing module design_1_axi_smc_0_sc_util_v1_0_4_counter__parameterized0_21
INFO: [VRFC 10-311] analyzing module design_1_axi_smc_0_sc_util_v1_0_4_counter__parameterized0_210
INFO: [VRFC 10-311] analyzing module design_1_axi_smc_0_sc_util_v1_0_4_counter__parameterized0_215
INFO: [VRFC 10-311] analyzing module design_1_axi_smc_0_sc_util_v1_0_4_counter__parameterized0_218
INFO: [VRFC 10-311] analyzing module design_1_axi_smc_0_sc_util_v1_0_4_counter__parameterized0_223
INFO: [VRFC 10-311] analyzing module design_1_axi_smc_0_sc_util_v1_0_4_counter__parameterized0_226
INFO: [VRFC 10-311] analyzing module design_1_axi_smc_0_sc_util_v1_0_4_counter__parameterized0_242
INFO: [VRFC 10-311] analyzing module design_1_axi_smc_0_sc_util_v1_0_4_counter__parameterized0_245
INFO: [VRFC 10-311] analyzing module design_1_axi_smc_0_sc_util_v1_0_4_counter__parameterized0_25
INFO: [VRFC 10-311] analyzing module design_1_axi_smc_0_sc_util_v1_0_4_counter__parameterized0_250
INFO: [VRFC 10-311] analyzing module design_1_axi_smc_0_sc_util_v1_0_4_counter__parameterized0_253
INFO: [VRFC 10-311] analyzing module design_1_axi_smc_0_sc_util_v1_0_4_counter__parameterized0_258
INFO: [VRFC 10-311] analyzing module design_1_axi_smc_0_sc_util_v1_0_4_counter__parameterized0_261
INFO: [VRFC 10-311] analyzing module design_1_axi_smc_0_sc_util_v1_0_4_counter__parameterized0_267
INFO: [VRFC 10-311] analyzing module design_1_axi_smc_0_sc_util_v1_0_4_counter__parameterized0_270
INFO: [VRFC 10-311] analyzing module design_1_axi_smc_0_sc_util_v1_0_4_counter__parameterized0_276
INFO: [VRFC 10-311] analyzing module design_1_axi_smc_0_sc_util_v1_0_4_counter__parameterized0_279
INFO: [VRFC 10-311] analyzing module design_1_axi_smc_0_sc_util_v1_0_4_counter__parameterized0_28
INFO: [VRFC 10-311] analyzing module design_1_axi_smc_0_sc_util_v1_0_4_counter__parameterized0_32
INFO: [VRFC 10-311] analyzing module design_1_axi_smc_0_sc_util_v1_0_4_counter__parameterized0_35
INFO: [VRFC 10-311] analyzing module design_1_axi_smc_0_sc_util_v1_0_4_counter__parameterized0_4
INFO: [VRFC 10-311] analyzing module design_1_axi_smc_0_sc_util_v1_0_4_counter__parameterized0_8
INFO: [VRFC 10-311] analyzing module design_1_axi_smc_0_sc_util_v1_0_4_counter__parameterized2
INFO: [VRFC 10-311] analyzing module design_1_axi_smc_0_sc_util_v1_0_4_counter__parameterized2_13
INFO: [VRFC 10-311] analyzing module design_1_axi_smc_0_sc_util_v1_0_4_counter__parameterized2_14
INFO: [VRFC 10-311] analyzing module design_1_axi_smc_0_sc_util_v1_0_4_counter__parameterized2_5
INFO: [VRFC 10-311] analyzing module design_1_axi_smc_0_sc_util_v1_0_4_mux__parameterized0
INFO: [VRFC 10-311] analyzing module design_1_axi_smc_0_sc_util_v1_0_4_mux__parameterized1
INFO: [VRFC 10-311] analyzing module design_1_axi_smc_0_sc_util_v1_0_4_pipeline__parameterized10
INFO: [VRFC 10-311] analyzing module design_1_axi_smc_0_sc_util_v1_0_4_pipeline__parameterized11
INFO: [VRFC 10-311] analyzing module design_1_axi_smc_0_sc_util_v1_0_4_pipeline__parameterized2
INFO: [VRFC 10-311] analyzing module design_1_axi_smc_0_sc_util_v1_0_4_pipeline__parameterized2_15
INFO: [VRFC 10-311] analyzing module design_1_axi_smc_0_sc_util_v1_0_4_pipeline__parameterized2_191
INFO: [VRFC 10-311] analyzing module design_1_axi_smc_0_sc_util_v1_0_4_pipeline__parameterized2_212
INFO: [VRFC 10-311] analyzing module design_1_axi_smc_0_sc_util_v1_0_4_pipeline__parameterized2_220
INFO: [VRFC 10-311] analyzing module design_1_axi_smc_0_sc_util_v1_0_4_pipeline__parameterized2_239
INFO: [VRFC 10-311] analyzing module design_1_axi_smc_0_sc_util_v1_0_4_pipeline__parameterized2_264
INFO: [VRFC 10-311] analyzing module design_1_axi_smc_0_sc_util_v1_0_4_pipeline__parameterized2_273
INFO: [VRFC 10-311] analyzing module design_1_axi_smc_0_sc_util_v1_0_4_pipeline__parameterized7
INFO: [VRFC 10-311] analyzing module design_1_axi_smc_0_sc_util_v1_0_4_pipeline__parameterized8
INFO: [VRFC 10-311] analyzing module design_1_axi_smc_0_sc_util_v1_0_4_pipeline__parameterized8_0
INFO: [VRFC 10-311] analyzing module design_1_axi_smc_0_sc_util_v1_0_4_pipeline__parameterized9
INFO: [VRFC 10-311] analyzing module design_1_axi_smc_0_sc_util_v1_0_4_srl_rtl
INFO: [VRFC 10-311] analyzing module design_1_axi_smc_0_sc_util_v1_0_4_srl_rtl_100
INFO: [VRFC 10-311] analyzing module design_1_axi_smc_0_sc_util_v1_0_4_srl_rtl_101
INFO: [VRFC 10-311] analyzing module design_1_axi_smc_0_sc_util_v1_0_4_srl_rtl_102
INFO: [VRFC 10-311] analyzing module design_1_axi_smc_0_sc_util_v1_0_4_srl_rtl_103
INFO: [VRFC 10-311] analyzing module design_1_axi_smc_0_sc_util_v1_0_4_srl_rtl_104
INFO: [VRFC 10-311] analyzing module design_1_axi_smc_0_sc_util_v1_0_4_srl_rtl_105
INFO: [VRFC 10-311] analyzing module design_1_axi_smc_0_sc_util_v1_0_4_srl_rtl_106
INFO: [VRFC 10-311] analyzing module design_1_axi_smc_0_sc_util_v1_0_4_srl_rtl_107
INFO: [VRFC 10-311] analyzing module design_1_axi_smc_0_sc_util_v1_0_4_srl_rtl_108
INFO: [VRFC 10-311] analyzing module design_1_axi_smc_0_sc_util_v1_0_4_srl_rtl_109
INFO: [VRFC 10-311] analyzing module design_1_axi_smc_0_sc_util_v1_0_4_srl_rtl_110
INFO: [VRFC 10-311] analyzing module design_1_axi_smc_0_sc_util_v1_0_4_srl_rtl_111
INFO: [VRFC 10-311] analyzing module design_1_axi_smc_0_sc_util_v1_0_4_srl_rtl_112
INFO: [VRFC 10-311] analyzing module design_1_axi_smc_0_sc_util_v1_0_4_srl_rtl_148
INFO: [VRFC 10-311] analyzing module design_1_axi_smc_0_sc_util_v1_0_4_srl_rtl_149
INFO: [VRFC 10-311] analyzing module design_1_axi_smc_0_sc_util_v1_0_4_srl_rtl_150
INFO: [VRFC 10-311] analyzing module design_1_axi_smc_0_sc_util_v1_0_4_srl_rtl_151
INFO: [VRFC 10-311] analyzing module design_1_axi_smc_0_sc_util_v1_0_4_srl_rtl_152
INFO: [VRFC 10-311] analyzing module design_1_axi_smc_0_sc_util_v1_0_4_srl_rtl_153
INFO: [VRFC 10-311] analyzing module design_1_axi_smc_0_sc_util_v1_0_4_srl_rtl_154
INFO: [VRFC 10-311] analyzing module design_1_axi_smc_0_sc_util_v1_0_4_srl_rtl_155
INFO: [VRFC 10-311] analyzing module design_1_axi_smc_0_sc_util_v1_0_4_srl_rtl_156
INFO: [VRFC 10-311] analyzing module design_1_axi_smc_0_sc_util_v1_0_4_srl_rtl_157
INFO: [VRFC 10-311] analyzing module design_1_axi_smc_0_sc_util_v1_0_4_srl_rtl_158
INFO: [VRFC 10-311] analyzing module design_1_axi_smc_0_sc_util_v1_0_4_srl_rtl_159
INFO: [VRFC 10-311] analyzing module design_1_axi_smc_0_sc_util_v1_0_4_srl_rtl_160
INFO: [VRFC 10-311] analyzing module design_1_axi_smc_0_sc_util_v1_0_4_srl_rtl_161
INFO: [VRFC 10-311] analyzing module design_1_axi_smc_0_sc_util_v1_0_4_srl_rtl_162
INFO: [VRFC 10-311] analyzing module design_1_axi_smc_0_sc_util_v1_0_4_srl_rtl_163
INFO: [VRFC 10-311] analyzing module design_1_axi_smc_0_sc_util_v1_0_4_srl_rtl_164
INFO: [VRFC 10-311] analyzing module design_1_axi_smc_0_sc_util_v1_0_4_srl_rtl_165
INFO: [VRFC 10-311] analyzing module design_1_axi_smc_0_sc_util_v1_0_4_srl_rtl_166
INFO: [VRFC 10-311] analyzing module design_1_axi_smc_0_sc_util_v1_0_4_srl_rtl_167
INFO: [VRFC 10-311] analyzing module design_1_axi_smc_0_sc_util_v1_0_4_srl_rtl_168
INFO: [VRFC 10-311] analyzing module design_1_axi_smc_0_sc_util_v1_0_4_srl_rtl_169
INFO: [VRFC 10-311] analyzing module design_1_axi_smc_0_sc_util_v1_0_4_srl_rtl_170
INFO: [VRFC 10-311] analyzing module design_1_axi_smc_0_sc_util_v1_0_4_srl_rtl_171
INFO: [VRFC 10-311] analyzing module design_1_axi_smc_0_sc_util_v1_0_4_srl_rtl_172
INFO: [VRFC 10-311] analyzing module design_1_axi_smc_0_sc_util_v1_0_4_srl_rtl_173
INFO: [VRFC 10-311] analyzing module design_1_axi_smc_0_sc_util_v1_0_4_srl_rtl_174
INFO: [VRFC 10-311] analyzing module design_1_axi_smc_0_sc_util_v1_0_4_srl_rtl_175
INFO: [VRFC 10-311] analyzing module design_1_axi_smc_0_sc_util_v1_0_4_srl_rtl_176
INFO: [VRFC 10-311] analyzing module design_1_axi_smc_0_sc_util_v1_0_4_srl_rtl_177
INFO: [VRFC 10-311] analyzing module design_1_axi_smc_0_sc_util_v1_0_4_srl_rtl_178
INFO: [VRFC 10-311] analyzing module design_1_axi_smc_0_sc_util_v1_0_4_srl_rtl_179
INFO: [VRFC 10-311] analyzing module design_1_axi_smc_0_sc_util_v1_0_4_srl_rtl_180
INFO: [VRFC 10-311] analyzing module design_1_axi_smc_0_sc_util_v1_0_4_srl_rtl_188
INFO: [VRFC 10-311] analyzing module design_1_axi_smc_0_sc_util_v1_0_4_srl_rtl_189
INFO: [VRFC 10-311] analyzing module design_1_axi_smc_0_sc_util_v1_0_4_srl_rtl_232
INFO: [VRFC 10-311] analyzing module design_1_axi_smc_0_sc_util_v1_0_4_srl_rtl_233
INFO: [VRFC 10-311] analyzing module design_1_axi_smc_0_sc_util_v1_0_4_srl_rtl_234
INFO: [VRFC 10-311] analyzing module design_1_axi_smc_0_sc_util_v1_0_4_srl_rtl_235
INFO: [VRFC 10-311] analyzing module design_1_axi_smc_0_sc_util_v1_0_4_srl_rtl_236
INFO: [VRFC 10-311] analyzing module design_1_axi_smc_0_sc_util_v1_0_4_srl_rtl_288
INFO: [VRFC 10-311] analyzing module design_1_axi_smc_0_sc_util_v1_0_4_srl_rtl_289
INFO: [VRFC 10-311] analyzing module design_1_axi_smc_0_sc_util_v1_0_4_srl_rtl_290
INFO: [VRFC 10-311] analyzing module design_1_axi_smc_0_sc_util_v1_0_4_srl_rtl_291
INFO: [VRFC 10-311] analyzing module design_1_axi_smc_0_sc_util_v1_0_4_srl_rtl_292
INFO: [VRFC 10-311] analyzing module design_1_axi_smc_0_sc_util_v1_0_4_srl_rtl_39
INFO: [VRFC 10-311] analyzing module design_1_axi_smc_0_sc_util_v1_0_4_srl_rtl_40
INFO: [VRFC 10-311] analyzing module design_1_axi_smc_0_sc_util_v1_0_4_srl_rtl_41
INFO: [VRFC 10-311] analyzing module design_1_axi_smc_0_sc_util_v1_0_4_srl_rtl_42
INFO: [VRFC 10-311] analyzing module design_1_axi_smc_0_sc_util_v1_0_4_srl_rtl_43
INFO: [VRFC 10-311] analyzing module design_1_axi_smc_0_sc_util_v1_0_4_srl_rtl_44
INFO: [VRFC 10-311] analyzing module design_1_axi_smc_0_sc_util_v1_0_4_srl_rtl_45
INFO: [VRFC 10-311] analyzing module design_1_axi_smc_0_sc_util_v1_0_4_srl_rtl_85
INFO: [VRFC 10-311] analyzing module design_1_axi_smc_0_sc_util_v1_0_4_srl_rtl_86
INFO: [VRFC 10-311] analyzing module design_1_axi_smc_0_sc_util_v1_0_4_srl_rtl_87
INFO: [VRFC 10-311] analyzing module design_1_axi_smc_0_sc_util_v1_0_4_srl_rtl_88
INFO: [VRFC 10-311] analyzing module design_1_axi_smc_0_sc_util_v1_0_4_srl_rtl_89
INFO: [VRFC 10-311] analyzing module design_1_axi_smc_0_sc_util_v1_0_4_srl_rtl_90
INFO: [VRFC 10-311] analyzing module design_1_axi_smc_0_sc_util_v1_0_4_srl_rtl_91
INFO: [VRFC 10-311] analyzing module design_1_axi_smc_0_sc_util_v1_0_4_srl_rtl_92
INFO: [VRFC 10-311] analyzing module design_1_axi_smc_0_sc_util_v1_0_4_srl_rtl_93
INFO: [VRFC 10-311] analyzing module design_1_axi_smc_0_sc_util_v1_0_4_srl_rtl_94
INFO: [VRFC 10-311] analyzing module design_1_axi_smc_0_sc_util_v1_0_4_srl_rtl_95
INFO: [VRFC 10-311] analyzing module design_1_axi_smc_0_sc_util_v1_0_4_srl_rtl_96
INFO: [VRFC 10-311] analyzing module design_1_axi_smc_0_sc_util_v1_0_4_srl_rtl_97
INFO: [VRFC 10-311] analyzing module design_1_axi_smc_0_sc_util_v1_0_4_srl_rtl_98
INFO: [VRFC 10-311] analyzing module design_1_axi_smc_0_sc_util_v1_0_4_srl_rtl_99
INFO: [VRFC 10-311] analyzing module design_1_axi_smc_0_sc_util_v1_0_4_srl_rtl__parameterized0
INFO: [VRFC 10-311] analyzing module design_1_axi_smc_0_sc_util_v1_0_4_srl_rtl__parameterized0_114
INFO: [VRFC 10-311] analyzing module design_1_axi_smc_0_sc_util_v1_0_4_srl_rtl__parameterized0_115
INFO: [VRFC 10-311] analyzing module design_1_axi_smc_0_sc_util_v1_0_4_srl_rtl__parameterized0_116
INFO: [VRFC 10-311] analyzing module design_1_axi_smc_0_sc_util_v1_0_4_srl_rtl__parameterized0_117
INFO: [VRFC 10-311] analyzing module design_1_axi_smc_0_sc_util_v1_0_4_srl_rtl__parameterized0_118
INFO: [VRFC 10-311] analyzing module design_1_axi_smc_0_sc_util_v1_0_4_srl_rtl__parameterized0_119
INFO: [VRFC 10-311] analyzing module design_1_axi_smc_0_sc_util_v1_0_4_srl_rtl__parameterized0_120
INFO: [VRFC 10-311] analyzing module design_1_axi_smc_0_sc_util_v1_0_4_srl_rtl__parameterized0_121
INFO: [VRFC 10-311] analyzing module design_1_axi_smc_0_sc_util_v1_0_4_srl_rtl__parameterized0_122
INFO: [VRFC 10-311] analyzing module design_1_axi_smc_0_sc_util_v1_0_4_srl_rtl__parameterized0_123
INFO: [VRFC 10-311] analyzing module design_1_axi_smc_0_sc_util_v1_0_4_srl_rtl__parameterized0_124
INFO: [VRFC 10-311] analyzing module design_1_axi_smc_0_sc_util_v1_0_4_srl_rtl__parameterized0_125
INFO: [VRFC 10-311] analyzing module design_1_axi_smc_0_sc_util_v1_0_4_srl_rtl__parameterized0_126
INFO: [VRFC 10-311] analyzing module design_1_axi_smc_0_sc_util_v1_0_4_srl_rtl__parameterized0_127
INFO: [VRFC 10-311] analyzing module design_1_axi_smc_0_sc_util_v1_0_4_srl_rtl__parameterized0_128
INFO: [VRFC 10-311] analyzing module design_1_axi_smc_0_sc_util_v1_0_4_srl_rtl__parameterized0_129
INFO: [VRFC 10-311] analyzing module design_1_axi_smc_0_sc_util_v1_0_4_srl_rtl__parameterized0_130
INFO: [VRFC 10-311] analyzing module design_1_axi_smc_0_sc_util_v1_0_4_srl_rtl__parameterized0_131
INFO: [VRFC 10-311] analyzing module design_1_axi_smc_0_sc_util_v1_0_4_srl_rtl__parameterized0_132
INFO: [VRFC 10-311] analyzing module design_1_axi_smc_0_sc_util_v1_0_4_srl_rtl__parameterized0_133
INFO: [VRFC 10-311] analyzing module design_1_axi_smc_0_sc_util_v1_0_4_srl_rtl__parameterized0_134
INFO: [VRFC 10-311] analyzing module design_1_axi_smc_0_sc_util_v1_0_4_srl_rtl__parameterized0_135
INFO: [VRFC 10-311] analyzing module design_1_axi_smc_0_sc_util_v1_0_4_srl_rtl__parameterized0_136
INFO: [VRFC 10-311] analyzing module design_1_axi_smc_0_sc_util_v1_0_4_srl_rtl__parameterized0_137
INFO: [VRFC 10-311] analyzing module design_1_axi_smc_0_sc_util_v1_0_4_srl_rtl__parameterized0_138
INFO: [VRFC 10-311] analyzing module design_1_axi_smc_0_sc_util_v1_0_4_srl_rtl__parameterized0_139
INFO: [VRFC 10-311] analyzing module design_1_axi_smc_0_sc_util_v1_0_4_srl_rtl__parameterized0_140
INFO: [VRFC 10-311] analyzing module design_1_axi_smc_0_sc_util_v1_0_4_srl_rtl__parameterized0_141
INFO: [VRFC 10-311] analyzing module design_1_axi_smc_0_sc_util_v1_0_4_srl_rtl__parameterized0_142
INFO: [VRFC 10-311] analyzing module design_1_axi_smc_0_sc_util_v1_0_4_srl_rtl__parameterized0_143
INFO: [VRFC 10-311] analyzing module design_1_axi_smc_0_sc_util_v1_0_4_srl_rtl__parameterized0_144
INFO: [VRFC 10-311] analyzing module design_1_axi_smc_0_sc_util_v1_0_4_srl_rtl__parameterized0_145
INFO: [VRFC 10-311] analyzing module design_1_axi_smc_0_sc_util_v1_0_4_srl_rtl__parameterized0_146
INFO: [VRFC 10-311] analyzing module design_1_axi_smc_0_sc_util_v1_0_4_srl_rtl__parameterized0_147
INFO: [VRFC 10-311] analyzing module design_1_axi_smc_0_sc_util_v1_0_4_srl_rtl__parameterized0_48
INFO: [VRFC 10-311] analyzing module design_1_axi_smc_0_sc_util_v1_0_4_srl_rtl__parameterized0_49
INFO: [VRFC 10-311] analyzing module design_1_axi_smc_0_sc_util_v1_0_4_srl_rtl__parameterized0_50
INFO: [VRFC 10-311] analyzing module design_1_axi_smc_0_sc_util_v1_0_4_srl_rtl__parameterized0_51
INFO: [VRFC 10-311] analyzing module design_1_axi_smc_0_sc_util_v1_0_4_srl_rtl__parameterized0_52
INFO: [VRFC 10-311] analyzing module design_1_axi_smc_0_sc_util_v1_0_4_srl_rtl__parameterized0_53
INFO: [VRFC 10-311] analyzing module design_1_axi_smc_0_sc_util_v1_0_4_srl_rtl__parameterized0_54
INFO: [VRFC 10-311] analyzing module design_1_axi_smc_0_sc_util_v1_0_4_srl_rtl__parameterized0_55
INFO: [VRFC 10-311] analyzing module design_1_axi_smc_0_sc_util_v1_0_4_srl_rtl__parameterized0_56
INFO: [VRFC 10-311] analyzing module design_1_axi_smc_0_sc_util_v1_0_4_srl_rtl__parameterized0_57
INFO: [VRFC 10-311] analyzing module design_1_axi_smc_0_sc_util_v1_0_4_srl_rtl__parameterized0_58
INFO: [VRFC 10-311] analyzing module design_1_axi_smc_0_sc_util_v1_0_4_srl_rtl__parameterized0_59
INFO: [VRFC 10-311] analyzing module design_1_axi_smc_0_sc_util_v1_0_4_srl_rtl__parameterized0_60
INFO: [VRFC 10-311] analyzing module design_1_axi_smc_0_sc_util_v1_0_4_srl_rtl__parameterized0_61
INFO: [VRFC 10-311] analyzing module design_1_axi_smc_0_sc_util_v1_0_4_srl_rtl__parameterized0_62
INFO: [VRFC 10-311] analyzing module design_1_axi_smc_0_sc_util_v1_0_4_srl_rtl__parameterized0_63
INFO: [VRFC 10-311] analyzing module design_1_axi_smc_0_sc_util_v1_0_4_srl_rtl__parameterized0_64
INFO: [VRFC 10-311] analyzing module design_1_axi_smc_0_sc_util_v1_0_4_srl_rtl__parameterized0_65
INFO: [VRFC 10-311] analyzing module design_1_axi_smc_0_sc_util_v1_0_4_srl_rtl__parameterized0_66
INFO: [VRFC 10-311] analyzing module design_1_axi_smc_0_sc_util_v1_0_4_srl_rtl__parameterized0_67
INFO: [VRFC 10-311] analyzing module design_1_axi_smc_0_sc_util_v1_0_4_srl_rtl__parameterized0_68
INFO: [VRFC 10-311] analyzing module design_1_axi_smc_0_sc_util_v1_0_4_srl_rtl__parameterized0_69
INFO: [VRFC 10-311] analyzing module design_1_axi_smc_0_sc_util_v1_0_4_srl_rtl__parameterized0_70
INFO: [VRFC 10-311] analyzing module design_1_axi_smc_0_sc_util_v1_0_4_srl_rtl__parameterized0_71
INFO: [VRFC 10-311] analyzing module design_1_axi_smc_0_sc_util_v1_0_4_srl_rtl__parameterized0_72
INFO: [VRFC 10-311] analyzing module design_1_axi_smc_0_sc_util_v1_0_4_srl_rtl__parameterized0_73
INFO: [VRFC 10-311] analyzing module design_1_axi_smc_0_sc_util_v1_0_4_srl_rtl__parameterized0_74
INFO: [VRFC 10-311] analyzing module design_1_axi_smc_0_sc_util_v1_0_4_srl_rtl__parameterized0_75
INFO: [VRFC 10-311] analyzing module design_1_axi_smc_0_sc_util_v1_0_4_srl_rtl__parameterized0_76
INFO: [VRFC 10-311] analyzing module design_1_axi_smc_0_sc_util_v1_0_4_srl_rtl__parameterized0_77
INFO: [VRFC 10-311] analyzing module design_1_axi_smc_0_sc_util_v1_0_4_srl_rtl__parameterized0_78
INFO: [VRFC 10-311] analyzing module design_1_axi_smc_0_sc_util_v1_0_4_srl_rtl__parameterized0_79
INFO: [VRFC 10-311] analyzing module design_1_axi_smc_0_sc_util_v1_0_4_srl_rtl__parameterized0_80
INFO: [VRFC 10-311] analyzing module design_1_axi_smc_0_sc_util_v1_0_4_srl_rtl__parameterized0_81
INFO: [VRFC 10-311] analyzing module design_1_axi_smc_0_sc_util_v1_0_4_srl_rtl__parameterized0_82
INFO: [VRFC 10-311] analyzing module design_1_axi_smc_0_sc_util_v1_0_4_srl_rtl__parameterized0_83
INFO: [VRFC 10-311] analyzing module design_1_axi_smc_0_sc_util_v1_0_4_srl_rtl__parameterized0_84
INFO: [VRFC 10-311] analyzing module design_1_axi_smc_0_sc_util_v1_0_4_xpm_memory_fifo
INFO: [VRFC 10-311] analyzing module design_1_axi_smc_0_sc_util_v1_0_4_xpm_memory_fifo__parameterized0
INFO: [VRFC 10-311] analyzing module design_1_axi_smc_0_sc_util_v1_0_4_xpm_memory_fifo__parameterized0__xdcDup__1
INFO: [VRFC 10-311] analyzing module design_1_axi_smc_0_sc_util_v1_0_4_xpm_memory_fifo__parameterized0__xdcDup__2
INFO: [VRFC 10-311] analyzing module design_1_axi_smc_0_sc_util_v1_0_4_xpm_memory_fifo__parameterized0__xdcDup__3
INFO: [VRFC 10-311] analyzing module design_1_axi_smc_0_sc_util_v1_0_4_xpm_memory_fifo__parameterized1
INFO: [VRFC 10-311] analyzing module design_1_axi_smc_0_sc_util_v1_0_4_xpm_memory_fifo__parameterized1__xdcDup__1
INFO: [VRFC 10-311] analyzing module design_1_axi_smc_0_sc_util_v1_0_4_xpm_memory_fifo__parameterized1__xdcDup__2
INFO: [VRFC 10-311] analyzing module design_1_axi_smc_0_sc_util_v1_0_4_xpm_memory_fifo__parameterized1__xdcDup__3
INFO: [VRFC 10-311] analyzing module design_1_axi_smc_0_sc_util_v1_0_4_xpm_memory_fifo__parameterized2
INFO: [VRFC 10-311] analyzing module design_1_axi_smc_0_sc_util_v1_0_4_xpm_memory_fifo__parameterized2__xdcDup__1
INFO: [VRFC 10-311] analyzing module design_1_axi_smc_0_sc_util_v1_0_4_xpm_memory_fifo__parameterized3
INFO: [VRFC 10-311] analyzing module design_1_axi_smc_0_sc_util_v1_0_4_xpm_memory_fifo__parameterized3__xdcDup__1
INFO: [VRFC 10-311] analyzing module design_1_axi_smc_0_sc_util_v1_0_4_xpm_memory_fifo__parameterized4
INFO: [VRFC 10-311] analyzing module design_1_axi_smc_0_sc_util_v1_0_4_xpm_memory_fifo__parameterized4__xdcDup__1
INFO: [VRFC 10-311] analyzing module design_1_axi_smc_0_sc_util_v1_0_4_xpm_memory_fifo__parameterized5
INFO: [VRFC 10-311] analyzing module design_1_axi_smc_0_sc_util_v1_0_4_xpm_memory_fifo__parameterized5__xdcDup__1
INFO: [VRFC 10-311] analyzing module design_1_axi_smc_0_sc_util_v1_0_4_xpm_memory_fifo__parameterized5__xdcDup__2
INFO: [VRFC 10-311] analyzing module design_1_axi_smc_0_sc_util_v1_0_4_xpm_memory_fifo__parameterized6
INFO: [VRFC 10-311] analyzing module design_1_axi_smc_0_sc_util_v1_0_4_xpm_memory_fifo__parameterized6__xdcDup__1
INFO: [VRFC 10-311] analyzing module design_1_axi_smc_0_sc_util_v1_0_4_xpm_memory_fifo__parameterized7
INFO: [VRFC 10-311] analyzing module design_1_axi_smc_0_sc_util_v1_0_4_xpm_memory_fifo__parameterized8
INFO: [VRFC 10-311] analyzing module design_1_axi_smc_0_sc_util_v1_0_4_xpm_memory_fifo__parameterized9
INFO: [VRFC 10-311] analyzing module design_1_axi_smc_0_sc_util_v1_0_4_xpm_memory_fifo__xdcDup__1
INFO: [VRFC 10-311] analyzing module design_1_axi_smc_0_sc_util_v1_0_4_xpm_memory_fifo__xdcDup__2
INFO: [VRFC 10-311] analyzing module design_1_axi_smc_0_sc_util_v1_0_4_xpm_memory_fifo__xdcDup__3
INFO: [VRFC 10-311] analyzing module design_1_axi_smc_0_sc_util_v1_0_4_xpm_memory_fifo__xdcDup__4
INFO: [VRFC 10-311] analyzing module design_1_axi_smc_0_sc_util_v1_0_4_xpm_memory_fifo__xdcDup__5
INFO: [VRFC 10-311] analyzing module design_1_axi_smc_0_sc_util_v1_0_4_xpm_memory_fifo__xdcDup__6
INFO: [VRFC 10-311] analyzing module design_1_axi_smc_0_sc_util_v1_0_4_xpm_memory_fifo__xdcDup__7
INFO: [VRFC 10-311] analyzing module design_1_system_ila_0_0_gigantic_mux_v1_0_1_cntr
INFO: [VRFC 10-311] analyzing module design_1_system_ila_0_0_ila_v6_2_14_ila
INFO: [VRFC 10-311] analyzing module design_1_system_ila_0_0_ila_v6_2_14_ila_cap_addrgen
INFO: [VRFC 10-311] analyzing module design_1_system_ila_0_0_ila_v6_2_14_ila_cap_ctrl_legacy
INFO: [VRFC 10-311] analyzing module design_1_system_ila_0_0_ila_v6_2_14_ila_cap_sample_counter
INFO: [VRFC 10-311] analyzing module design_1_system_ila_0_0_ila_v6_2_14_ila_cap_window_counter
INFO: [VRFC 10-311] analyzing module design_1_system_ila_0_0_ila_v6_2_14_ila_core
INFO: [VRFC 10-311] analyzing module design_1_system_ila_0_0_ila_v6_2_14_ila_register
INFO: [VRFC 10-311] analyzing module design_1_system_ila_0_0_ila_v6_2_14_ila_reset_ctrl
INFO: [VRFC 10-311] analyzing module design_1_system_ila_0_0_ila_v6_2_14_ila_trace_memory
INFO: [VRFC 10-311] analyzing module design_1_system_ila_0_0_ila_v6_2_14_ila_trig_match
INFO: [VRFC 10-311] analyzing module design_1_system_ila_0_0_ila_v6_2_14_ila_trigger
INFO: [VRFC 10-311] analyzing module design_1_vio_0_0_vio_v3_0_24_decoder
INFO: [VRFC 10-311] analyzing module design_1_vio_0_0_vio_v3_0_24_probe_in_one
INFO: [VRFC 10-311] analyzing module design_1_vio_0_0_vio_v3_0_24_probe_out_all
INFO: [VRFC 10-311] analyzing module design_1_vio_0_0_vio_v3_0_24_probe_out_one
INFO: [VRFC 10-311] analyzing module design_1_vio_0_0_vio_v3_0_24_vio
INFO: [VRFC 10-311] analyzing module design_1_jtag_axi_0_0_jtag_axi_v1_2_18_axi_bridge
INFO: [VRFC 10-311] analyzing module design_1_jtag_axi_0_0_jtag_axi_v1_2_18_cmd_decode
INFO: [VRFC 10-311] analyzing module design_1_jtag_axi_0_0_jtag_axi_v1_2_18_cmd_decode_0
INFO: [VRFC 10-311] analyzing module design_1_jtag_axi_0_0_jtag_axi_v1_2_18_jtag_axi
INFO: [VRFC 10-311] analyzing module design_1_jtag_axi_0_0_jtag_axi_v1_2_18_jtag_axi_engine
INFO: [VRFC 10-311] analyzing module design_1_jtag_axi_0_0_jtag_axi_v1_2_18_read_axi
INFO: [VRFC 10-311] analyzing module design_1_jtag_axi_0_0_jtag_axi_v1_2_18_rxfifo2xsdb
INFO: [VRFC 10-311] analyzing module design_1_jtag_axi_0_0_jtag_axi_v1_2_18_write_axi
INFO: [VRFC 10-311] analyzing module design_1_jtag_axi_0_0_jtag_axi_v1_2_18_xsdb2txfifo
INFO: [VRFC 10-311] analyzing module design_1_jtag_axi_0_0_jtag_axi_v1_2_18_xsdb2txfifo__parameterized0
INFO: [VRFC 10-311] analyzing module design_1_jtag_axi_0_0_jtag_axi_v1_2_18_xsdb2txfifo__parameterized0_1
INFO: [VRFC 10-311] analyzing module design_1_jtag_axi_0_0_jtag_axi_v1_2_18_xsdb_fifo_interface
INFO: [VRFC 10-311] analyzing module design_1_jtag_axi_0_0_xsdbs_v1_0_3_xsdbs
INFO: [VRFC 10-311] analyzing module design_1_system_ila_0_0_ltlib_v1_0_1_all_typeA
INFO: [VRFC 10-311] analyzing module design_1_system_ila_0_0_ltlib_v1_0_1_all_typeA_20
INFO: [VRFC 10-311] analyzing module design_1_system_ila_0_0_ltlib_v1_0_1_all_typeA_86
INFO: [VRFC 10-311] analyzing module design_1_system_ila_0_0_ltlib_v1_0_1_all_typeA__parameterized0
INFO: [VRFC 10-311] analyzing module design_1_system_ila_0_0_ltlib_v1_0_1_all_typeA__parameterized0_0
INFO: [VRFC 10-311] analyzing module design_1_system_ila_0_0_ltlib_v1_0_1_all_typeA__parameterized0_11
INFO: [VRFC 10-311] analyzing module design_1_system_ila_0_0_ltlib_v1_0_1_all_typeA__parameterized0_17
INFO: [VRFC 10-311] analyzing module design_1_system_ila_0_0_ltlib_v1_0_1_all_typeA__parameterized0_26
INFO: [VRFC 10-311] analyzing module design_1_system_ila_0_0_ltlib_v1_0_1_all_typeA__parameterized0_29
INFO: [VRFC 10-311] analyzing module design_1_system_ila_0_0_ltlib_v1_0_1_all_typeA__parameterized0_3
INFO: [VRFC 10-311] analyzing module design_1_system_ila_0_0_ltlib_v1_0_1_all_typeA__parameterized0_32
INFO: [VRFC 10-311] analyzing module design_1_system_ila_0_0_ltlib_v1_0_1_all_typeA__parameterized0_35
INFO: [VRFC 10-311] analyzing module design_1_system_ila_0_0_ltlib_v1_0_1_all_typeA__parameterized0_38
INFO: [VRFC 10-311] analyzing module design_1_system_ila_0_0_ltlib_v1_0_1_all_typeA__parameterized0_41
INFO: [VRFC 10-311] analyzing module design_1_system_ila_0_0_ltlib_v1_0_1_all_typeA__parameterized0_43
INFO: [VRFC 10-311] analyzing module design_1_system_ila_0_0_ltlib_v1_0_1_all_typeA__parameterized0_45
INFO: [VRFC 10-311] analyzing module design_1_system_ila_0_0_ltlib_v1_0_1_all_typeA__parameterized0_48
INFO: [VRFC 10-311] analyzing module design_1_system_ila_0_0_ltlib_v1_0_1_all_typeA__parameterized0_51
INFO: [VRFC 10-311] analyzing module design_1_system_ila_0_0_ltlib_v1_0_1_all_typeA__parameterized0_56
INFO: [VRFC 10-311] analyzing module design_1_system_ila_0_0_ltlib_v1_0_1_all_typeA__parameterized0_59
INFO: [VRFC 10-311] analyzing module design_1_system_ila_0_0_ltlib_v1_0_1_all_typeA__parameterized0_6
INFO: [VRFC 10-311] analyzing module design_1_system_ila_0_0_ltlib_v1_0_1_all_typeA__parameterized0_62
INFO: [VRFC 10-311] analyzing module design_1_system_ila_0_0_ltlib_v1_0_1_all_typeA__parameterized0_65
INFO: [VRFC 10-311] analyzing module design_1_system_ila_0_0_ltlib_v1_0_1_all_typeA__parameterized0_68
INFO: [VRFC 10-311] analyzing module design_1_system_ila_0_0_ltlib_v1_0_1_all_typeA__parameterized0_71
INFO: [VRFC 10-311] analyzing module design_1_system_ila_0_0_ltlib_v1_0_1_all_typeA__parameterized0_74
INFO: [VRFC 10-311] analyzing module design_1_system_ila_0_0_ltlib_v1_0_1_all_typeA__parameterized0_77
INFO: [VRFC 10-311] analyzing module design_1_system_ila_0_0_ltlib_v1_0_1_all_typeA__parameterized0_84
INFO: [VRFC 10-311] analyzing module design_1_system_ila_0_0_ltlib_v1_0_1_all_typeA__parameterized0_9
INFO: [VRFC 10-311] analyzing module design_1_system_ila_0_0_ltlib_v1_0_1_all_typeA__parameterized1
INFO: [VRFC 10-311] analyzing module design_1_system_ila_0_0_ltlib_v1_0_1_all_typeA__parameterized1_80
INFO: [VRFC 10-311] analyzing module design_1_system_ila_0_0_ltlib_v1_0_1_all_typeA__parameterized2
INFO: [VRFC 10-311] analyzing module design_1_system_ila_0_0_ltlib_v1_0_1_all_typeA__parameterized2_109
INFO: [VRFC 10-311] analyzing module design_1_system_ila_0_0_ltlib_v1_0_1_all_typeA__parameterized2_113
INFO: [VRFC 10-311] analyzing module design_1_system_ila_0_0_ltlib_v1_0_1_all_typeA_slice
INFO: [VRFC 10-311] analyzing module design_1_system_ila_0_0_ltlib_v1_0_1_all_typeA_slice_13
INFO: [VRFC 10-311] analyzing module design_1_system_ila_0_0_ltlib_v1_0_1_all_typeA_slice_14
INFO: [VRFC 10-311] analyzing module design_1_system_ila_0_0_ltlib_v1_0_1_all_typeA_slice_21
INFO: [VRFC 10-311] analyzing module design_1_system_ila_0_0_ltlib_v1_0_1_all_typeA_slice_22
INFO: [VRFC 10-311] analyzing module design_1_system_ila_0_0_ltlib_v1_0_1_all_typeA_slice_23
INFO: [VRFC 10-311] analyzing module design_1_system_ila_0_0_ltlib_v1_0_1_all_typeA_slice_53
INFO: [VRFC 10-311] analyzing module design_1_system_ila_0_0_ltlib_v1_0_1_all_typeA_slice_81
INFO: [VRFC 10-311] analyzing module design_1_system_ila_0_0_ltlib_v1_0_1_all_typeA_slice_87
INFO: [VRFC 10-311] analyzing module design_1_system_ila_0_0_ltlib_v1_0_1_all_typeA_slice_88
INFO: [VRFC 10-311] analyzing module design_1_system_ila_0_0_ltlib_v1_0_1_all_typeA_slice_89
INFO: [VRFC 10-311] analyzing module design_1_system_ila_0_0_ltlib_v1_0_1_all_typeA_slice__parameterized0
INFO: [VRFC 10-311] analyzing module design_1_system_ila_0_0_ltlib_v1_0_1_all_typeA_slice__parameterized0_1
INFO: [VRFC 10-311] analyzing module design_1_system_ila_0_0_ltlib_v1_0_1_all_typeA_slice__parameterized0_10
INFO: [VRFC 10-311] analyzing module design_1_system_ila_0_0_ltlib_v1_0_1_all_typeA_slice__parameterized0_12
INFO: [VRFC 10-311] analyzing module design_1_system_ila_0_0_ltlib_v1_0_1_all_typeA_slice__parameterized0_15
INFO: [VRFC 10-311] analyzing module design_1_system_ila_0_0_ltlib_v1_0_1_all_typeA_slice__parameterized0_18
INFO: [VRFC 10-311] analyzing module design_1_system_ila_0_0_ltlib_v1_0_1_all_typeA_slice__parameterized0_24
INFO: [VRFC 10-311] analyzing module design_1_system_ila_0_0_ltlib_v1_0_1_all_typeA_slice__parameterized0_27
INFO: [VRFC 10-311] analyzing module design_1_system_ila_0_0_ltlib_v1_0_1_all_typeA_slice__parameterized0_30
INFO: [VRFC 10-311] analyzing module design_1_system_ila_0_0_ltlib_v1_0_1_all_typeA_slice__parameterized0_33
INFO: [VRFC 10-311] analyzing module design_1_system_ila_0_0_ltlib_v1_0_1_all_typeA_slice__parameterized0_36
INFO: [VRFC 10-311] analyzing module design_1_system_ila_0_0_ltlib_v1_0_1_all_typeA_slice__parameterized0_39
INFO: [VRFC 10-311] analyzing module design_1_system_ila_0_0_ltlib_v1_0_1_all_typeA_slice__parameterized0_4
INFO: [VRFC 10-311] analyzing module design_1_system_ila_0_0_ltlib_v1_0_1_all_typeA_slice__parameterized0_42
INFO: [VRFC 10-311] analyzing module design_1_system_ila_0_0_ltlib_v1_0_1_all_typeA_slice__parameterized0_44
INFO: [VRFC 10-311] analyzing module design_1_system_ila_0_0_ltlib_v1_0_1_all_typeA_slice__parameterized0_46
INFO: [VRFC 10-311] analyzing module design_1_system_ila_0_0_ltlib_v1_0_1_all_typeA_slice__parameterized0_49
INFO: [VRFC 10-311] analyzing module design_1_system_ila_0_0_ltlib_v1_0_1_all_typeA_slice__parameterized0_52
INFO: [VRFC 10-311] analyzing module design_1_system_ila_0_0_ltlib_v1_0_1_all_typeA_slice__parameterized0_54
INFO: [VRFC 10-311] analyzing module design_1_system_ila_0_0_ltlib_v1_0_1_all_typeA_slice__parameterized0_57
INFO: [VRFC 10-311] analyzing module design_1_system_ila_0_0_ltlib_v1_0_1_all_typeA_slice__parameterized0_60
INFO: [VRFC 10-311] analyzing module design_1_system_ila_0_0_ltlib_v1_0_1_all_typeA_slice__parameterized0_63
INFO: [VRFC 10-311] analyzing module design_1_system_ila_0_0_ltlib_v1_0_1_all_typeA_slice__parameterized0_66
INFO: [VRFC 10-311] analyzing module design_1_system_ila_0_0_ltlib_v1_0_1_all_typeA_slice__parameterized0_69
INFO: [VRFC 10-311] analyzing module design_1_system_ila_0_0_ltlib_v1_0_1_all_typeA_slice__parameterized0_7
INFO: [VRFC 10-311] analyzing module design_1_system_ila_0_0_ltlib_v1_0_1_all_typeA_slice__parameterized0_72
INFO: [VRFC 10-311] analyzing module design_1_system_ila_0_0_ltlib_v1_0_1_all_typeA_slice__parameterized0_75
INFO: [VRFC 10-311] analyzing module design_1_system_ila_0_0_ltlib_v1_0_1_all_typeA_slice__parameterized0_78
INFO: [VRFC 10-311] analyzing module design_1_system_ila_0_0_ltlib_v1_0_1_all_typeA_slice__parameterized0_82
INFO: [VRFC 10-311] analyzing module design_1_system_ila_0_0_ltlib_v1_0_1_all_typeA_slice__parameterized0_85
INFO: [VRFC 10-311] analyzing module design_1_system_ila_0_0_ltlib_v1_0_1_all_typeA_slice__parameterized0_90
INFO: [VRFC 10-311] analyzing module design_1_system_ila_0_0_ltlib_v1_0_1_all_typeA_slice__parameterized1
INFO: [VRFC 10-311] analyzing module design_1_system_ila_0_0_ltlib_v1_0_1_all_typeA_slice__parameterized1_110
INFO: [VRFC 10-311] analyzing module design_1_system_ila_0_0_ltlib_v1_0_1_all_typeA_slice__parameterized1_114
INFO: [VRFC 10-311] analyzing module design_1_system_ila_0_0_ltlib_v1_0_1_all_typeA_slice__parameterized2
INFO: [VRFC 10-311] analyzing module design_1_system_ila_0_0_ltlib_v1_0_1_all_typeA_slice__parameterized2_111
INFO: [VRFC 10-311] analyzing module design_1_system_ila_0_0_ltlib_v1_0_1_all_typeA_slice__parameterized2_115
INFO: [VRFC 10-311] analyzing module design_1_system_ila_0_0_ltlib_v1_0_1_allx_typeA
INFO: [VRFC 10-311] analyzing module design_1_system_ila_0_0_ltlib_v1_0_1_allx_typeA__parameterized0
INFO: [VRFC 10-311] analyzing module design_1_system_ila_0_0_ltlib_v1_0_1_allx_typeA__parameterized0_16
INFO: [VRFC 10-311] analyzing module design_1_system_ila_0_0_ltlib_v1_0_1_allx_typeA__parameterized0_2
INFO: [VRFC 10-311] analyzing module design_1_system_ila_0_0_ltlib_v1_0_1_allx_typeA__parameterized0_25
INFO: [VRFC 10-311] analyzing module design_1_system_ila_0_0_ltlib_v1_0_1_allx_typeA__parameterized0_28
INFO: [VRFC 10-311] analyzing module design_1_system_ila_0_0_ltlib_v1_0_1_allx_typeA__parameterized0_31
INFO: [VRFC 10-311] analyzing module design_1_system_ila_0_0_ltlib_v1_0_1_allx_typeA__parameterized0_50
INFO: [VRFC 10-311] analyzing module design_1_system_ila_0_0_ltlib_v1_0_1_allx_typeA__parameterized0_55
INFO: [VRFC 10-311] analyzing module design_1_system_ila_0_0_ltlib_v1_0_1_allx_typeA__parameterized0_76
INFO: [VRFC 10-311] analyzing module design_1_system_ila_0_0_ltlib_v1_0_1_allx_typeA__parameterized0_8
INFO: [VRFC 10-311] analyzing module design_1_system_ila_0_0_ltlib_v1_0_1_allx_typeA__parameterized0_83
INFO: [VRFC 10-311] analyzing module design_1_system_ila_0_0_ltlib_v1_0_1_allx_typeA__parameterized1
INFO: [VRFC 10-311] analyzing module design_1_system_ila_0_0_ltlib_v1_0_1_allx_typeA__parameterized1_79
INFO: [VRFC 10-311] analyzing module design_1_system_ila_0_0_ltlib_v1_0_1_allx_typeA__parameterized2
INFO: [VRFC 10-311] analyzing module design_1_system_ila_0_0_ltlib_v1_0_1_allx_typeA__parameterized2_37
INFO: [VRFC 10-311] analyzing module design_1_system_ila_0_0_ltlib_v1_0_1_allx_typeA__parameterized2_47
INFO: [VRFC 10-311] analyzing module design_1_system_ila_0_0_ltlib_v1_0_1_allx_typeA__parameterized2_61
INFO: [VRFC 10-311] analyzing module design_1_system_ila_0_0_ltlib_v1_0_1_allx_typeA__parameterized2_73
INFO: [VRFC 10-311] analyzing module design_1_system_ila_0_0_ltlib_v1_0_1_allx_typeA__parameterized3
INFO: [VRFC 10-311] analyzing module design_1_system_ila_0_0_ltlib_v1_0_1_allx_typeA__parameterized3_70
INFO: [VRFC 10-311] analyzing module design_1_system_ila_0_0_ltlib_v1_0_1_allx_typeA__parameterized4
INFO: [VRFC 10-311] analyzing module design_1_system_ila_0_0_ltlib_v1_0_1_allx_typeA__parameterized4_67
INFO: [VRFC 10-311] analyzing module design_1_system_ila_0_0_ltlib_v1_0_1_allx_typeA__parameterized5
INFO: [VRFC 10-311] analyzing module design_1_system_ila_0_0_ltlib_v1_0_1_allx_typeA__parameterized5_34
INFO: [VRFC 10-311] analyzing module design_1_system_ila_0_0_ltlib_v1_0_1_allx_typeA__parameterized5_40
INFO: [VRFC 10-311] analyzing module design_1_system_ila_0_0_ltlib_v1_0_1_allx_typeA__parameterized5_5
INFO: [VRFC 10-311] analyzing module design_1_system_ila_0_0_ltlib_v1_0_1_allx_typeA__parameterized5_58
INFO: [VRFC 10-311] analyzing module design_1_system_ila_0_0_ltlib_v1_0_1_allx_typeA__parameterized5_64
INFO: [VRFC 10-311] analyzing module design_1_system_ila_0_0_ltlib_v1_0_1_allx_typeA__parameterized6
INFO: [VRFC 10-311] analyzing module design_1_system_ila_0_0_ltlib_v1_0_1_allx_typeA__parameterized6_19
INFO: [VRFC 10-311] analyzing module design_1_system_ila_0_0_ltlib_v1_0_1_allx_typeA_nodelay
INFO: [VRFC 10-311] analyzing module design_1_system_ila_0_0_ltlib_v1_0_1_allx_typeA_nodelay_108
INFO: [VRFC 10-311] analyzing module design_1_system_ila_0_0_ltlib_v1_0_1_allx_typeA_nodelay_112
INFO: [VRFC 10-311] analyzing module design_1_system_ila_0_0_ltlib_v1_0_1_async_edge_xfer
INFO: [VRFC 10-311] analyzing module design_1_system_ila_0_0_ltlib_v1_0_1_async_edge_xfer__1
INFO: [VRFC 10-311] analyzing module design_1_system_ila_0_0_ltlib_v1_0_1_async_edge_xfer__2
INFO: [VRFC 10-311] analyzing module design_1_system_ila_0_0_ltlib_v1_0_1_async_edge_xfer__3
INFO: [VRFC 10-311] analyzing module design_1_system_ila_0_0_ltlib_v1_0_1_cfglut4
INFO: [VRFC 10-311] analyzing module design_1_system_ila_0_0_ltlib_v1_0_1_cfglut4__1
INFO: [VRFC 10-311] analyzing module design_1_system_ila_0_0_ltlib_v1_0_1_cfglut5
INFO: [VRFC 10-311] analyzing module design_1_system_ila_0_0_ltlib_v1_0_1_cfglut5__1
INFO: [VRFC 10-311] analyzing module design_1_system_ila_0_0_ltlib_v1_0_1_cfglut5__2
INFO: [VRFC 10-311] analyzing module design_1_system_ila_0_0_ltlib_v1_0_1_cfglut6
INFO: [VRFC 10-311] analyzing module design_1_system_ila_0_0_ltlib_v1_0_1_cfglut6__1
INFO: [VRFC 10-311] analyzing module design_1_system_ila_0_0_ltlib_v1_0_1_cfglut6__parameterized0
INFO: [VRFC 10-311] analyzing module design_1_system_ila_0_0_ltlib_v1_0_1_cfglut7
INFO: [VRFC 10-311] analyzing module design_1_system_ila_0_0_ltlib_v1_0_1_cfglut7__1
INFO: [VRFC 10-311] analyzing module design_1_system_ila_0_0_ltlib_v1_0_1_generic_memrd
INFO: [VRFC 10-311] analyzing module design_1_system_ila_0_0_ltlib_v1_0_1_match
INFO: [VRFC 10-311] analyzing module design_1_system_ila_0_0_ltlib_v1_0_1_match__parameterized0
INFO: [VRFC 10-311] analyzing module design_1_system_ila_0_0_ltlib_v1_0_1_match__parameterized0__1
INFO: [VRFC 10-311] analyzing module design_1_system_ila_0_0_ltlib_v1_0_1_match__parameterized0__10
INFO: [VRFC 10-311] analyzing module design_1_system_ila_0_0_ltlib_v1_0_1_match__parameterized0__2
INFO: [VRFC 10-311] analyzing module design_1_system_ila_0_0_ltlib_v1_0_1_match__parameterized0__3
INFO: [VRFC 10-311] analyzing module design_1_system_ila_0_0_ltlib_v1_0_1_match__parameterized0__4
INFO: [VRFC 10-311] analyzing module design_1_system_ila_0_0_ltlib_v1_0_1_match__parameterized0__5
INFO: [VRFC 10-311] analyzing module design_1_system_ila_0_0_ltlib_v1_0_1_match__parameterized0__6
INFO: [VRFC 10-311] analyzing module design_1_system_ila_0_0_ltlib_v1_0_1_match__parameterized0__7
INFO: [VRFC 10-311] analyzing module design_1_system_ila_0_0_ltlib_v1_0_1_match__parameterized0__8
INFO: [VRFC 10-311] analyzing module design_1_system_ila_0_0_ltlib_v1_0_1_match__parameterized0__9
INFO: [VRFC 10-311] analyzing module design_1_system_ila_0_0_ltlib_v1_0_1_match__parameterized1
INFO: [VRFC 10-311] analyzing module design_1_system_ila_0_0_ltlib_v1_0_1_match__parameterized1__1
INFO: [VRFC 10-311] analyzing module design_1_system_ila_0_0_ltlib_v1_0_1_match__parameterized2
INFO: [VRFC 10-311] analyzing module design_1_system_ila_0_0_ltlib_v1_0_1_match__parameterized2__1
INFO: [VRFC 10-311] analyzing module design_1_system_ila_0_0_ltlib_v1_0_1_match__parameterized2__2
INFO: [VRFC 10-311] analyzing module design_1_system_ila_0_0_ltlib_v1_0_1_match__parameterized2__3
INFO: [VRFC 10-311] analyzing module design_1_system_ila_0_0_ltlib_v1_0_1_match__parameterized2__4
INFO: [VRFC 10-311] analyzing module design_1_system_ila_0_0_ltlib_v1_0_1_match__parameterized3
INFO: [VRFC 10-311] analyzing module design_1_system_ila_0_0_ltlib_v1_0_1_match__parameterized3__1
INFO: [VRFC 10-311] analyzing module design_1_system_ila_0_0_ltlib_v1_0_1_match__parameterized4
INFO: [VRFC 10-311] analyzing module design_1_system_ila_0_0_ltlib_v1_0_1_match__parameterized4__1
INFO: [VRFC 10-311] analyzing module design_1_system_ila_0_0_ltlib_v1_0_1_match__parameterized5
INFO: [VRFC 10-311] analyzing module design_1_system_ila_0_0_ltlib_v1_0_1_match__parameterized5__1
INFO: [VRFC 10-311] analyzing module design_1_system_ila_0_0_ltlib_v1_0_1_match__parameterized5__2
INFO: [VRFC 10-311] analyzing module design_1_system_ila_0_0_ltlib_v1_0_1_match__parameterized5__3
INFO: [VRFC 10-311] analyzing module design_1_system_ila_0_0_ltlib_v1_0_1_match__parameterized5__4
INFO: [VRFC 10-311] analyzing module design_1_system_ila_0_0_ltlib_v1_0_1_match__parameterized5__5
INFO: [VRFC 10-311] analyzing module design_1_system_ila_0_0_ltlib_v1_0_1_match__parameterized6
INFO: [VRFC 10-311] analyzing module design_1_system_ila_0_0_ltlib_v1_0_1_match__parameterized6__1
INFO: [VRFC 10-311] analyzing module design_1_system_ila_0_0_ltlib_v1_0_1_match_nodelay
INFO: [VRFC 10-311] analyzing module design_1_system_ila_0_0_ltlib_v1_0_1_match_nodelay__1
INFO: [VRFC 10-311] analyzing module design_1_system_ila_0_0_ltlib_v1_0_1_match_nodelay__2
INFO: [VRFC 10-311] analyzing module design_1_system_ila_0_0_ltlib_v1_0_1_rising_edge_detection
INFO: [VRFC 10-311] analyzing module design_1_system_ila_0_0_ltlib_v1_0_1_rising_edge_detection__1
INFO: [VRFC 10-311] analyzing module design_1_system_ila_0_0_xsdbs_v1_0_3_reg__parameterized102
INFO: [VRFC 10-311] analyzing module design_1_system_ila_0_0_xsdbs_v1_0_3_reg__parameterized69
INFO: [VRFC 10-311] analyzing module design_1_system_ila_0_0_xsdbs_v1_0_3_reg__parameterized70
INFO: [VRFC 10-311] analyzing module design_1_system_ila_0_0_xsdbs_v1_0_3_reg__parameterized71
INFO: [VRFC 10-311] analyzing module design_1_system_ila_0_0_xsdbs_v1_0_3_reg__parameterized72
INFO: [VRFC 10-311] analyzing module design_1_system_ila_0_0_xsdbs_v1_0_3_reg__parameterized84
INFO: [VRFC 10-311] analyzing module design_1_system_ila_0_0_xsdbs_v1_0_3_reg__parameterized85
INFO: [VRFC 10-311] analyzing module design_1_system_ila_0_0_xsdbs_v1_0_3_reg__parameterized86
INFO: [VRFC 10-311] analyzing module design_1_system_ila_0_0_xsdbs_v1_0_3_reg__parameterized87
INFO: [VRFC 10-311] analyzing module design_1_system_ila_0_0_xsdbs_v1_0_3_reg__parameterized88
INFO: [VRFC 10-311] analyzing module design_1_system_ila_0_0_xsdbs_v1_0_3_reg__parameterized89
INFO: [VRFC 10-311] analyzing module design_1_system_ila_0_0_xsdbs_v1_0_3_reg__parameterized90
INFO: [VRFC 10-311] analyzing module design_1_system_ila_0_0_xsdbs_v1_0_3_reg__parameterized91
INFO: [VRFC 10-311] analyzing module design_1_system_ila_0_0_xsdbs_v1_0_3_reg__parameterized92
INFO: [VRFC 10-311] analyzing module design_1_system_ila_0_0_xsdbs_v1_0_3_reg__parameterized93
INFO: [VRFC 10-311] analyzing module design_1_system_ila_0_0_xsdbs_v1_0_3_reg__parameterized94
INFO: [VRFC 10-311] analyzing module design_1_system_ila_0_0_xsdbs_v1_0_3_reg__parameterized95
INFO: [VRFC 10-311] analyzing module design_1_system_ila_0_0_xsdbs_v1_0_3_reg__parameterized97
INFO: [VRFC 10-311] analyzing module design_1_system_ila_0_0_xsdbs_v1_0_3_reg__parameterized99
INFO: [VRFC 10-311] analyzing module design_1_system_ila_0_0_xsdbs_v1_0_3_reg_ctl
INFO: [VRFC 10-311] analyzing module design_1_system_ila_0_0_xsdbs_v1_0_3_reg_ctl_100
INFO: [VRFC 10-311] analyzing module design_1_system_ila_0_0_xsdbs_v1_0_3_reg_ctl_101
INFO: [VRFC 10-311] analyzing module design_1_system_ila_0_0_xsdbs_v1_0_3_reg_ctl_102
INFO: [VRFC 10-311] analyzing module design_1_system_ila_0_0_xsdbs_v1_0_3_reg_ctl_103
INFO: [VRFC 10-311] analyzing module design_1_system_ila_0_0_xsdbs_v1_0_3_reg_ctl_104
INFO: [VRFC 10-311] analyzing module design_1_system_ila_0_0_xsdbs_v1_0_3_reg_ctl_107
INFO: [VRFC 10-311] analyzing module design_1_system_ila_0_0_xsdbs_v1_0_3_reg_ctl_94
INFO: [VRFC 10-311] analyzing module design_1_system_ila_0_0_xsdbs_v1_0_3_reg_ctl_95
INFO: [VRFC 10-311] analyzing module design_1_system_ila_0_0_xsdbs_v1_0_3_reg_ctl_96
INFO: [VRFC 10-311] analyzing module design_1_system_ila_0_0_xsdbs_v1_0_3_reg_ctl_97
INFO: [VRFC 10-311] analyzing module design_1_system_ila_0_0_xsdbs_v1_0_3_reg_ctl__parameterized0
INFO: [VRFC 10-311] analyzing module design_1_system_ila_0_0_xsdbs_v1_0_3_reg_ctl__parameterized1
INFO: [VRFC 10-311] analyzing module design_1_system_ila_0_0_xsdbs_v1_0_3_reg_ctl__parameterized1_98
INFO: [VRFC 10-311] analyzing module design_1_system_ila_0_0_xsdbs_v1_0_3_reg_ctl__parameterized1_99
INFO: [VRFC 10-311] analyzing module design_1_system_ila_0_0_xsdbs_v1_0_3_reg_p2s
INFO: [VRFC 10-311] analyzing module design_1_system_ila_0_0_xsdbs_v1_0_3_reg_p2s__parameterized0
INFO: [VRFC 10-311] analyzing module design_1_system_ila_0_0_xsdbs_v1_0_3_reg_p2s__parameterized1
INFO: [VRFC 10-311] analyzing module design_1_system_ila_0_0_xsdbs_v1_0_3_reg_p2s__parameterized10
INFO: [VRFC 10-311] analyzing module design_1_system_ila_0_0_xsdbs_v1_0_3_reg_p2s__parameterized11
INFO: [VRFC 10-311] analyzing module design_1_system_ila_0_0_xsdbs_v1_0_3_reg_p2s__parameterized12
INFO: [VRFC 10-311] analyzing module design_1_system_ila_0_0_xsdbs_v1_0_3_reg_p2s__parameterized13
INFO: [VRFC 10-311] analyzing module design_1_system_ila_0_0_xsdbs_v1_0_3_reg_p2s__parameterized14
INFO: [VRFC 10-311] analyzing module design_1_system_ila_0_0_xsdbs_v1_0_3_reg_p2s__parameterized15
INFO: [VRFC 10-311] analyzing module design_1_system_ila_0_0_xsdbs_v1_0_3_reg_p2s__parameterized16
INFO: [VRFC 10-311] analyzing module design_1_system_ila_0_0_xsdbs_v1_0_3_reg_p2s__parameterized17
INFO: [VRFC 10-311] analyzing module design_1_system_ila_0_0_xsdbs_v1_0_3_reg_p2s__parameterized18
INFO: [VRFC 10-311] analyzing module design_1_system_ila_0_0_xsdbs_v1_0_3_reg_p2s__parameterized19
INFO: [VRFC 10-311] analyzing module design_1_system_ila_0_0_xsdbs_v1_0_3_reg_p2s__parameterized2
INFO: [VRFC 10-311] analyzing module design_1_system_ila_0_0_xsdbs_v1_0_3_reg_p2s__parameterized20
INFO: [VRFC 10-311] analyzing module design_1_system_ila_0_0_xsdbs_v1_0_3_reg_p2s__parameterized21
INFO: [VRFC 10-311] analyzing module design_1_system_ila_0_0_xsdbs_v1_0_3_reg_p2s__parameterized22
INFO: [VRFC 10-311] analyzing module design_1_system_ila_0_0_xsdbs_v1_0_3_reg_p2s__parameterized23
INFO: [VRFC 10-311] analyzing module design_1_system_ila_0_0_xsdbs_v1_0_3_reg_p2s__parameterized24
INFO: [VRFC 10-311] analyzing module design_1_system_ila_0_0_xsdbs_v1_0_3_reg_p2s__parameterized25
INFO: [VRFC 10-311] analyzing module design_1_system_ila_0_0_xsdbs_v1_0_3_reg_p2s__parameterized26
INFO: [VRFC 10-311] analyzing module design_1_system_ila_0_0_xsdbs_v1_0_3_reg_p2s__parameterized27
INFO: [VRFC 10-311] analyzing module design_1_system_ila_0_0_xsdbs_v1_0_3_reg_p2s__parameterized28
INFO: [VRFC 10-311] analyzing module design_1_system_ila_0_0_xsdbs_v1_0_3_reg_p2s__parameterized29
INFO: [VRFC 10-311] analyzing module design_1_system_ila_0_0_xsdbs_v1_0_3_reg_p2s__parameterized3
INFO: [VRFC 10-311] analyzing module design_1_system_ila_0_0_xsdbs_v1_0_3_reg_p2s__parameterized30
INFO: [VRFC 10-311] analyzing module design_1_system_ila_0_0_xsdbs_v1_0_3_reg_p2s__parameterized4
INFO: [VRFC 10-311] analyzing module design_1_system_ila_0_0_xsdbs_v1_0_3_reg_p2s__parameterized5
INFO: [VRFC 10-311] analyzing module design_1_system_ila_0_0_xsdbs_v1_0_3_reg_p2s__parameterized6
INFO: [VRFC 10-311] analyzing module design_1_system_ila_0_0_xsdbs_v1_0_3_reg_p2s__parameterized7
INFO: [VRFC 10-311] analyzing module design_1_system_ila_0_0_xsdbs_v1_0_3_reg_p2s__parameterized8
INFO: [VRFC 10-311] analyzing module design_1_system_ila_0_0_xsdbs_v1_0_3_reg_p2s__parameterized9
INFO: [VRFC 10-311] analyzing module design_1_system_ila_0_0_xsdbs_v1_0_3_reg_stat
INFO: [VRFC 10-311] analyzing module design_1_system_ila_0_0_xsdbs_v1_0_3_reg_stat_105
INFO: [VRFC 10-311] analyzing module design_1_system_ila_0_0_xsdbs_v1_0_3_reg_stat_106
INFO: [VRFC 10-311] analyzing module design_1_system_ila_0_0_xsdbs_v1_0_3_reg_stat_91
INFO: [VRFC 10-311] analyzing module design_1_system_ila_0_0_xsdbs_v1_0_3_reg_stat_92
INFO: [VRFC 10-311] analyzing module design_1_system_ila_0_0_xsdbs_v1_0_3_reg_stat_93
INFO: [VRFC 10-311] analyzing module design_1_system_ila_0_0_xsdbs_v1_0_3_reg_stream
INFO: [VRFC 10-311] analyzing module design_1_system_ila_0_0_xsdbs_v1_0_3_reg_stream__parameterized0
INFO: [VRFC 10-311] analyzing module design_1_system_ila_0_0_xsdbs_v1_0_3_xsdbs
INFO: [VRFC 10-311] analyzing module design_1_vio_0_0_xsdbs_v1_0_3_xsdbs
INFO: [VRFC 10-311] analyzing module design_1_blk_mem_gen_0_0_blk_mem_gen_generic_cstr
INFO: [VRFC 10-311] analyzing module design_1_blk_mem_gen_0_0_blk_mem_gen_prim_width
INFO: [VRFC 10-311] analyzing module design_1_blk_mem_gen_0_0_blk_mem_gen_prim_width__parameterized0
INFO: [VRFC 10-311] analyzing module design_1_blk_mem_gen_0_0_blk_mem_gen_prim_wrapper
INFO: [VRFC 10-311] analyzing module design_1_blk_mem_gen_0_0_blk_mem_gen_prim_wrapper__parameterized0
INFO: [VRFC 10-311] analyzing module design_1_blk_mem_gen_0_0_blk_mem_gen_top
INFO: [VRFC 10-311] analyzing module design_1_blk_mem_gen_0_0_blk_mem_gen_v8_4_7
INFO: [VRFC 10-311] analyzing module design_1_blk_mem_gen_0_0_blk_mem_gen_v8_4_7_synth
INFO: [VRFC 10-311] analyzing module design_1_jtag_axi_0_0_blk_mem_gen_generic_cstr
INFO: [VRFC 10-311] analyzing module design_1_jtag_axi_0_0_blk_mem_gen_generic_cstr__parameterized0
INFO: [VRFC 10-311] analyzing module design_1_jtag_axi_0_0_blk_mem_gen_generic_cstr__parameterized0_16
INFO: [VRFC 10-311] analyzing module design_1_jtag_axi_0_0_blk_mem_gen_prim_width
INFO: [VRFC 10-311] analyzing module design_1_jtag_axi_0_0_blk_mem_gen_prim_width__parameterized0
INFO: [VRFC 10-311] analyzing module design_1_jtag_axi_0_0_blk_mem_gen_prim_width__parameterized0_17
INFO: [VRFC 10-311] analyzing module design_1_jtag_axi_0_0_blk_mem_gen_prim_wrapper
INFO: [VRFC 10-311] analyzing module design_1_jtag_axi_0_0_blk_mem_gen_prim_wrapper__parameterized0
INFO: [VRFC 10-311] analyzing module design_1_jtag_axi_0_0_blk_mem_gen_prim_wrapper__parameterized0_18
INFO: [VRFC 10-311] analyzing module design_1_jtag_axi_0_0_blk_mem_gen_top
INFO: [VRFC 10-311] analyzing module design_1_jtag_axi_0_0_blk_mem_gen_top__parameterized0
INFO: [VRFC 10-311] analyzing module design_1_jtag_axi_0_0_blk_mem_gen_top__parameterized0_15
INFO: [VRFC 10-311] analyzing module design_1_jtag_axi_0_0_blk_mem_gen_v8_4_7
INFO: [VRFC 10-311] analyzing module design_1_jtag_axi_0_0_blk_mem_gen_v8_4_7__parameterized1
INFO: [VRFC 10-311] analyzing module design_1_jtag_axi_0_0_blk_mem_gen_v8_4_7__parameterized1_13
INFO: [VRFC 10-311] analyzing module design_1_jtag_axi_0_0_blk_mem_gen_v8_4_7_synth
INFO: [VRFC 10-311] analyzing module design_1_jtag_axi_0_0_blk_mem_gen_v8_4_7_synth__parameterized0
INFO: [VRFC 10-311] analyzing module design_1_jtag_axi_0_0_blk_mem_gen_v8_4_7_synth__parameterized0_14
INFO: [VRFC 10-311] analyzing module design_1_jtag_axi_0_0_clk_x_pntrs
INFO: [VRFC 10-311] analyzing module design_1_jtag_axi_0_0_clk_x_pntrs__parameterized0
INFO: [VRFC 10-311] analyzing module design_1_jtag_axi_0_0_clk_x_pntrs__parameterized0__xdcDup__1
INFO: [VRFC 10-311] analyzing module design_1_jtag_axi_0_0_clk_x_pntrs__xdcDup__1
INFO: [VRFC 10-311] analyzing module design_1_jtag_axi_0_0_dmem
INFO: [VRFC 10-311] analyzing module design_1_jtag_axi_0_0_fifo_generator_ramfifo
INFO: [VRFC 10-311] analyzing module design_1_jtag_axi_0_0_fifo_generator_ramfifo__parameterized0
INFO: [VRFC 10-311] analyzing module design_1_jtag_axi_0_0_fifo_generator_ramfifo__parameterized1
INFO: [VRFC 10-311] analyzing module design_1_jtag_axi_0_0_fifo_generator_ramfifo__parameterized1__xdcDup__1
INFO: [VRFC 10-311] analyzing module design_1_jtag_axi_0_0_fifo_generator_top
INFO: [VRFC 10-311] analyzing module design_1_jtag_axi_0_0_fifo_generator_top__parameterized0
INFO: [VRFC 10-311] analyzing module design_1_jtag_axi_0_0_fifo_generator_top__parameterized1
INFO: [VRFC 10-311] analyzing module design_1_jtag_axi_0_0_fifo_generator_top__parameterized1__xdcDup__1
INFO: [VRFC 10-311] analyzing module design_1_jtag_axi_0_0_fifo_generator_v13_2_9
INFO: [VRFC 10-311] analyzing module design_1_jtag_axi_0_0_fifo_generator_v13_2_9__parameterized0
INFO: [VRFC 10-311] analyzing module design_1_jtag_axi_0_0_fifo_generator_v13_2_9__parameterized1
INFO: [VRFC 10-311] analyzing module design_1_jtag_axi_0_0_fifo_generator_v13_2_9__parameterized1__xdcDup__1
INFO: [VRFC 10-311] analyzing module design_1_jtag_axi_0_0_fifo_generator_v13_2_9_synth
INFO: [VRFC 10-311] analyzing module design_1_jtag_axi_0_0_fifo_generator_v13_2_9_synth__parameterized0
INFO: [VRFC 10-311] analyzing module design_1_jtag_axi_0_0_fifo_generator_v13_2_9_synth__parameterized1
INFO: [VRFC 10-311] analyzing module design_1_jtag_axi_0_0_fifo_generator_v13_2_9_synth__parameterized1__xdcDup__1
INFO: [VRFC 10-311] analyzing module design_1_jtag_axi_0_0_memory
INFO: [VRFC 10-311] analyzing module design_1_jtag_axi_0_0_memory__parameterized0
INFO: [VRFC 10-311] analyzing module design_1_jtag_axi_0_0_memory__parameterized1
INFO: [VRFC 10-311] analyzing module design_1_jtag_axi_0_0_memory__parameterized1_12
INFO: [VRFC 10-311] analyzing module design_1_jtag_axi_0_0_rd_bin_cntr
INFO: [VRFC 10-311] analyzing module design_1_jtag_axi_0_0_rd_bin_cntr_9
INFO: [VRFC 10-311] analyzing module design_1_jtag_axi_0_0_rd_bin_cntr__parameterized0
INFO: [VRFC 10-311] analyzing module design_1_jtag_axi_0_0_rd_bin_cntr__parameterized0_23
INFO: [VRFC 10-311] analyzing module design_1_jtag_axi_0_0_rd_fwft
INFO: [VRFC 10-311] analyzing module design_1_jtag_axi_0_0_rd_fwft_2
INFO: [VRFC 10-311] analyzing module design_1_jtag_axi_0_0_rd_fwft_21
INFO: [VRFC 10-311] analyzing module design_1_jtag_axi_0_0_rd_fwft_7
INFO: [VRFC 10-311] analyzing module design_1_jtag_axi_0_0_rd_logic
INFO: [VRFC 10-311] analyzing module design_1_jtag_axi_0_0_rd_logic_3
INFO: [VRFC 10-311] analyzing module design_1_jtag_axi_0_0_rd_logic__parameterized0
INFO: [VRFC 10-311] analyzing module design_1_jtag_axi_0_0_rd_logic__parameterized0_10
INFO: [VRFC 10-311] analyzing module design_1_jtag_axi_0_0_rd_status_flags_as
INFO: [VRFC 10-311] analyzing module design_1_jtag_axi_0_0_rd_status_flags_as_8
INFO: [VRFC 10-311] analyzing module design_1_jtag_axi_0_0_rd_status_flags_as__parameterized0
INFO: [VRFC 10-311] analyzing module design_1_jtag_axi_0_0_rd_status_flags_as__parameterized0_22
INFO: [VRFC 10-311] analyzing module design_1_jtag_axi_0_0_wr_bin_cntr
INFO: [VRFC 10-311] analyzing module design_1_jtag_axi_0_0_wr_bin_cntr_6
INFO: [VRFC 10-311] analyzing module design_1_jtag_axi_0_0_wr_bin_cntr__parameterized0
INFO: [VRFC 10-311] analyzing module design_1_jtag_axi_0_0_wr_bin_cntr__parameterized0_20
INFO: [VRFC 10-311] analyzing module design_1_jtag_axi_0_0_wr_logic
INFO: [VRFC 10-311] analyzing module design_1_jtag_axi_0_0_wr_logic_4
INFO: [VRFC 10-311] analyzing module design_1_jtag_axi_0_0_wr_logic__parameterized0
INFO: [VRFC 10-311] analyzing module design_1_jtag_axi_0_0_wr_logic__parameterized0_11
INFO: [VRFC 10-311] analyzing module design_1_jtag_axi_0_0_wr_status_flags_as
INFO: [VRFC 10-311] analyzing module design_1_jtag_axi_0_0_wr_status_flags_as_5
INFO: [VRFC 10-311] analyzing module design_1_jtag_axi_0_0_wr_status_flags_as__parameterized0
INFO: [VRFC 10-311] analyzing module design_1_jtag_axi_0_0_wr_status_flags_as__parameterized0_19
INFO: [VRFC 10-311] analyzing module design_1_system_ila_0_0_blk_mem_gen_v8_4_7
INFO: [VRFC 10-311] analyzing module design_1_system_ila_0_0_blk_mem_gen_v8_4_7_blk_mem_gen_generic_cstr
INFO: [VRFC 10-311] analyzing module design_1_system_ila_0_0_blk_mem_gen_v8_4_7_blk_mem_gen_prim_width
INFO: [VRFC 10-311] analyzing module design_1_system_ila_0_0_blk_mem_gen_v8_4_7_blk_mem_gen_prim_width__parameterized0
INFO: [VRFC 10-311] analyzing module design_1_system_ila_0_0_blk_mem_gen_v8_4_7_blk_mem_gen_prim_width__parameterized1
INFO: [VRFC 10-311] analyzing module design_1_system_ila_0_0_blk_mem_gen_v8_4_7_blk_mem_gen_prim_width__parameterized2
INFO: [VRFC 10-311] analyzing module design_1_system_ila_0_0_blk_mem_gen_v8_4_7_blk_mem_gen_prim_width__parameterized3
INFO: [VRFC 10-311] analyzing module design_1_system_ila_0_0_blk_mem_gen_v8_4_7_blk_mem_gen_prim_wrapper
INFO: [VRFC 10-311] analyzing module design_1_system_ila_0_0_blk_mem_gen_v8_4_7_blk_mem_gen_prim_wrapper__parameterized0
INFO: [VRFC 10-311] analyzing module design_1_system_ila_0_0_blk_mem_gen_v8_4_7_blk_mem_gen_prim_wrapper__parameterized1
INFO: [VRFC 10-311] analyzing module design_1_system_ila_0_0_blk_mem_gen_v8_4_7_blk_mem_gen_prim_wrapper__parameterized2
INFO: [VRFC 10-311] analyzing module design_1_system_ila_0_0_blk_mem_gen_v8_4_7_blk_mem_gen_prim_wrapper__parameterized3
INFO: [VRFC 10-311] analyzing module design_1_system_ila_0_0_blk_mem_gen_v8_4_7_blk_mem_gen_top
INFO: [VRFC 10-311] analyzing module design_1_system_ila_0_0_blk_mem_gen_v8_4_7_synth
INFO: [VRFC 10-311] analyzing module glbl
